[Licensing::Module] Trying to connect to existing licensing client channel...
Built from '6000.4/staging' branch; Version is '6000.4.3f1 (39d1a88d4dd1) revision 3789224'; Using compiler version '194234433'; Build Type 'Release'
OS: 'Windows 11  (10.0.26100) Professional' Language: 'uk' Physical Memory: 15557 MB
BatchMode: 1, IsHumanControllingUs: 0, StartBugReporterOnCrash: 0, Is64bit: 1
System  architecture: x64
Process architecture: x64
Date: 2026-06-15T11:37:00Z
[Licensing::IpcConnector] Successfully connected to: "LicenseClient-andri" at "2026-06-15T11:37:00.0758461Z"

COMMAND LINE ARGUMENTS:
C:\Program Files\Unity\Hub\Editor\6000.4.3f1\Editor\Unity.exe
-adb2
-batchMode
-noUpm
-name
AssetImportWorker1
-projectPath
C:/Zombie-Hunter-master
-logFile
Logs/AssetImportWorker1.log
-srvPort
61445
-licensingIpc
LicenseClient-andri
-force-d3d12
-job-worker-count
5
-background-job-worker-count
8
-gc-helper-count
1
-name
AssetImport
Successfully changed project path to: C:/Zombie-Hunter-master
C:/Zombie-Hunter-master
[UnityMemory] Configuration Parameters - Can be set up in boot.config
    "memorysetup-temp-allocator-size-gi-baking-worker=262144"
    "memorysetup-temp-allocator-size-gi-baking-worker=262144"
    "memorysetup-temp-allocator-size-gi-baking-worker=262144"
    "memorysetup-temp-allocator-size-gi-baking-worker=262144"
    "memorysetup-temp-allocator-size-gi-baking-worker=262144"
    "memorysetup-temp-allocator-size-nav-mesh-worker=65536"
    "memorysetup-temp-allocator-size-audio-worker=65536"
    "memorysetup-temp-allocator-size-cloud-worker=32768"
    "memorysetup-temp-allocator-size-gfx=262144"
    "memorysetup-temp-allocator-size-preload-manager=33554432"
    "memorysetup-temp-allocator-size-job-worker=262144"
    "memorysetup-temp-allocator-size-background-worker=32768"
    "memorysetup-allocator-temp-initial-block-size-main=262144"
    "memorysetup-allocator-temp-initial-block-size-worker=262144"
    "memorysetup-bucket-allocator-granularity=16"
    "memorysetup-bucket-allocator-bucket-count=8"
    "memorysetup-bucket-allocator-block-size=33554432"
    "memorysetup-bucket-allocator-block-count=8"
    "memorysetup-main-allocator-block-size=16777216"
    "memorysetup-thread-allocator-block-size=16777216"
    "memorysetup-gfx-main-allocator-block-size=16777216"
    "memorysetup-gfx-thread-allocator-block-size=16777216"
    "memorysetup-cache-allocator-block-size=4194304"
    "memorysetup-typetree-allocator-block-size=2097152"
    "memorysetup-profiler-bucket-allocator-granularity=16"
    "memorysetup-profiler-bucket-allocator-bucket-count=8"
    "memorysetup-profiler-bucket-allocator-block-size=33554432"
    "memorysetup-profiler-bucket-allocator-block-count=8"
    "memorysetup-profiler-allocator-block-size=16777216"
    "memorysetup-profiler-editor-allocator-block-size=1048576"
    "memorysetup-temp-allocator-size-main=16777216"
    "memorysetup-job-temp-allocator-block-size=2097152"
    "memorysetup-job-temp-allocator-block-size-background=1048576"
    "memorysetup-job-temp-allocator-reduction-small-platforms=262144"
Player connection [4684]  Target information:

Player connection [4684]  * "[IP] 192.168.31.142 [Port] 0 [Flags] 2 [Guid] 124408490 [EditorId] 124408490 [Version] 1048832 [Id] WindowsEditor(7,ruletos) [Debug] 1 [PackageName] WindowsEditor [ProjectName] Editor" 

Player connection [4684] Host joined multi-casting on [225.0.0.222:54997]...
Player connection [4684] Host joined alternative multi-casting on [225.0.0.222:34997]...
JobSystem: Creating JobQueue using job-worker-count value 5
Input System module state changed to: Initialized.
[Physics::Module] Initialized fallback backend.
[Physics::Module] Id: 0xdecafbad
Library Redirect Path: Library/
[Physics::Module] Selected backend.
[Physics::Module] Name: PhysX
[Physics::Module] Id: 0xf2b8ea05
[Physics::Module] SDK Version: 4.1.2
[Physics::Module] Integration Version: 1.0.0
[Physics::Module] Threading Mode: Multi-Threaded
Refreshing native plugins compatible for Editor in 35.35 ms, found 3 plugins.
Initialize engine version: 6000.4.3f1 (39d1a88d4dd1)
[Subsystems] Discovering subsystems at path C:/Program Files/Unity/Hub/Editor/6000.4.3f1/Editor/Data/Resources/UnitySubsystems
[Subsystems] Discovering subsystems at path C:/Zombie-Hunter-master/Assets
Forcing GfxDevice: Direct3D 12
GfxDevice: creating device client; kGfxThreadingModeNonThreaded
d3d12: failed to query info queue interface (0x80004002).
Direct3D:
    Version:         Direct3D 12 [level 12.2]
    Renderer:        NVIDIA GeForce RTX 3050 Ti Laptop GPU (ID=0x25a0)
    Vendor:          NVIDIA
    VRAM:            3962 MB
    App VRAM Budget: 3367 MB
    Driver:          32.0.16.1047
Shader 'TextMeshPro/Distance Field': fallback shader 'TextMeshPro/Mobile/Distance Field' not found
Shader 'TextMeshPro/Distance Field Overlay': fallback shader 'TextMeshPro/Mobile/Distance Field' not found
Initialize mono
Mono path[0] = 'C:/Program Files/Unity/Hub/Editor/6000.4.3f1/Editor/Data/Managed'
Mono path[1] = 'C:/Program Files/Unity/Hub/Editor/6000.4.3f1/Editor/Data/MonoBleedingEdge/lib/mono/unityjit-win32'
Mono config path = 'C:/Program Files/Unity/Hub/Editor/6000.4.3f1/Editor/Data/MonoBleedingEdge/etc'
Using monoOptions --debugger-agent=transport=dt_socket,embedding=1,server=y,suspend=n,address=127.0.0.1:56956
CodeReloadManager initialized
Begin MonoManager ReloadAssembly
Registering precompiled unity dll's ...
Register platform support module: C:/Program Files/Unity/Hub/Editor/6000.4.3f1/Editor/Data/PlaybackEngines/WebGLSupport/UnityEditor.WebGL.Extensions.dll
Register platform support module: C:/Program Files/Unity/Hub/Editor/6000.4.3f1/Editor/Data/PlaybackEngines/WindowsStandaloneSupport/UnityEditor.WindowsStandalone.Extensions.dll
Registered in 0.009498 seconds.
Native extension for WindowsStandalone target not found
Native extension for WebGL target not found
Package Manager log level set to [2]
[Package Manager] Failed to launch server process. Reason: Unity was launched with the -noUpm command-line argument
[Package Manager] Unable to send message (not connected to server process).
[Package Manager] Cannot connect to Unity Package Manager local server
ScheduleIndexationOnStartup MainProcess:False IndexOnStartup:True
Mono: successfully reloaded assembly
- Finished resetting the current domain, in  0.980 seconds
Domain Reload Profiling: 2321ms
	BeginReloadAssembly (470ms)
		CreateAndSetChildDomain (4ms)
	RebuildCommonClasses (144ms)
	RebuildNativeTypeToScriptingClass (29ms)
	initialDomainReloadingComplete (232ms)
	LoadAllAssembliesAndSetupDomain (464ms)
		LoadAssemblies (457ms)
		AnalyzeDomain (437ms)
			TypeCache.Refresh (431ms)
				TypeCache.ScanAssembly (400ms)
			ResolveRequiredComponents (3ms)
	FinalizeReload (982ms)
		SetupLoadedEditorAssemblies (0ms)
			InitializePlatformSupportModulesInManaged (111ms)
			BeforeProcessingInitializeOnLoad (238ms)
			ProcessInitializeOnLoadAttributes (283ms)
			ProcessInitializeOnLoadMethodAttributes (201ms)
========================================================================
Worker process is ready to serve import requests
Import Worker Mode flag is 0x00
[Licensing::Client] Error: HandshakeResponse reported an error:
	ResponseCode: 505
	ResponseStatus: Unsupported protocol version '1.18.1'.
[Licensing::Module] Error: Failed to handshake to channel: "LicenseClient-andri"
[Licensing::IpcConnector] LicenseClient-andri channel disconnected successfully.
[Licensing::IpcConnector] Successfully connected to: "LicenseClient-andri-6000.4.3" at "2026-06-15T11:37:07.0463868Z"
Begin MonoManager ReloadAssembly
[Licensing::Module] Licensing is not yet initialized.
[Licensing::Client] Handshaking with LicensingClient:
  Version:                 1.18.1+9fbee8e
  Session Id:              d873bef3402e42bf9c0c5ffa7487632b
  Correlation Id:          ad00442e98300b06b675236dc50130b7
  External correlation Id: 4876594770787291587
  Machine Id:              /P0oFpJcs5J7O/wi+OJ6WvTvRk8=
[Licensing::Module] Successfully connected to LicensingClient on channel: "LicenseClient-andri-6000.4.3" (connect: 0.00s, validation: 0.01s, handshake: 6.74s)
[Licensing::IpcConnector] Successfully connected to: "LicenseClient-andri-6000.4.3-notifications" at "2026-06-15T11:37:13.7935477Z"
[Licensing::Module] Licensing Background thread has ended after 13.74s
[Licensing::Module] Licensing is initialized (took 6.72s).
[Licensing::Client] Successfully resolved entitlement details
[Licensing::Module] License group:
  Id: 7972560197740-UnityPersXXXX
  Product: Unity Personal
  Type: Assigned
  Expiration: Unlimited
Assembly Assembly-CSharp-Editor-firstpass.dll at Library/ScriptAssemblies/Assembly-CSharp-Editor-firstpass.dll not valid. Loading of assembly skipped.
Assembly Assembly-CSharp-firstpass.dll at Library/ScriptAssemblies/Assembly-CSharp-firstpass.dll not valid. Loading of assembly skipped.
Assembly DocCodeExamples.dll at Library/ScriptAssemblies/DocCodeExamples.dll not valid. Loading of assembly skipped.
Assembly TestNewCustomAssembly.dll at Library/ScriptAssemblies/TestNewCustomAssembly.dll not valid. Loading of assembly skipped.
Assembly Unity.2D.Sprite.Package.EditorTests.dll at Library/ScriptAssemblies/Unity.2D.Sprite.Package.EditorTests.dll not valid. Loading of assembly skipped.
Assembly Unity.2D.Tilemap.Package.EditorTests.dll at Library/ScriptAssemblies/Unity.2D.Tilemap.Package.EditorTests.dll not valid. Loading of assembly skipped.
Assembly Unity.Analytics.DataPrivacy.Tests.dll at Library/ScriptAssemblies/Unity.Analytics.DataPrivacy.Tests.dll not valid. Loading of assembly skipped.
Assembly Unity.Analytics.StandardEvents.EditorTests.dll at Library/ScriptAssemblies/Unity.Analytics.StandardEvents.EditorTests.dll not valid. Loading of assembly skipped.
Assembly Unity.Multiplayer.Center.Editor.Tests.dll at Library/ScriptAssemblies/Unity.Multiplayer.Center.Editor.Tests.dll not valid. Loading of assembly skipped.
Assembly Unity.Multiplayer.Center.Tests.dll at Library/ScriptAssemblies/Unity.Multiplayer.Center.Tests.dll not valid. Loading of assembly skipped.
Assembly Unity.TextMeshPro.Editor.Tests.dll at Library/ScriptAssemblies/Unity.TextMeshPro.Editor.Tests.dll not valid. Loading of assembly skipped.
Assembly Unity.TextMeshPro.Tests.dll at Library/ScriptAssemblies/Unity.TextMeshPro.Tests.dll not valid. Loading of assembly skipped.
Assembly UnityEditor.UI.Common.Tests.dll at Library/ScriptAssemblies/UnityEditor.UI.Common.Tests.dll not valid. Loading of assembly skipped.
Assembly UnityEditor.UI.EditorTests.dll at Library/ScriptAssemblies/UnityEditor.UI.EditorTests.dll not valid. Loading of assembly skipped.
Assembly UnityEditor.XR.LegacyInputHelpers.Tests.dll at Library/ScriptAssemblies/UnityEditor.XR.LegacyInputHelpers.Tests.dll not valid. Loading of assembly skipped.
Assembly UnityEngine.Advertisements.Editor.Tests.dll at Library/ScriptAssemblies/UnityEngine.Advertisements.Editor.Tests.dll not valid. Loading of assembly skipped.
Assembly UnityEngine.Advertisements.Tests.dll at Library/ScriptAssemblies/UnityEngine.Advertisements.Tests.dll not valid. Loading of assembly skipped.
Assembly UnityEngine.Purchasing.Apple.dll at Library/ScriptAssemblies/UnityEngine.Purchasing.Apple.dll not valid. Loading of assembly skipped.
Assembly UnityEngine.Purchasing.AppleMacos.dll at Library/ScriptAssemblies/UnityEngine.Purchasing.AppleMacos.dll not valid. Loading of assembly skipped.
Assembly UnityEngine.Purchasing.Security.dll at Library/ScriptAssemblies/UnityEngine.Purchasing.Security.dll not valid. Loading of assembly skipped.
Assembly UnityEngine.Purchasing.WinRT.dll at Library/ScriptAssemblies/UnityEngine.Purchasing.WinRT.dll not valid. Loading of assembly skipped.
Assembly UnityEngine.SpatialTracking.Tests.dll at Library/ScriptAssemblies/UnityEngine.SpatialTracking.Tests.dll not valid. Loading of assembly skipped.
Assembly UnityEngine.UI.Tests.dll at Library/ScriptAssemblies/UnityEngine.UI.Tests.dll not valid. Loading of assembly skipped.
Symbol file LoadedFromMemory is not a mono symbol file
Refreshing native plugins compatible for Editor in 38.37 ms, found 3 plugins.
Native extension for WindowsStandalone target not found
Native extension for WebGL target not found
[Package Manager] Failed to launch server process. Reason: Unity was launched with the -noUpm command-line argument
[Package Manager] Unable to send message (not connected to server process).
[Package Manager] Cannot connect to Unity Package Manager local server
Refreshing native plugins compatible for Editor in 12.76 ms, found 3 plugins.
[Package Manager] Failed to launch server process. Reason: Unity was launched with the -noUpm command-line argument
[Package Manager] Unable to send message (not connected to server process).
[Package Manager] Cannot connect to Unity Package Manager local server
ScheduleIndexationOnStartup MainProcess:False IndexOnStartup:True
Mono: successfully reloaded assembly
- Finished resetting the current domain, in  2.275 seconds
Domain Reload Profiling: 12726ms
	BeginReloadAssembly (7385ms)
		DisableScriptedObjects (17ms)
		CreateAndSetChildDomain (111ms)
	RebuildCommonClasses (134ms)
	RebuildNativeTypeToScriptingClass (44ms)
	initialDomainReloadingComplete (389ms)
	LoadAllAssembliesAndSetupDomain (2498ms)
		LoadAssemblies (2592ms)
		AnalyzeDomain (301ms)
			TypeCache.Refresh (232ms)
				TypeCache.ScanAssembly (201ms)
			BuildScriptInfoCaches (59ms)
			ResolveRequiredComponents (6ms)
	FinalizeReload (2276ms)
		SetupLoadedEditorAssemblies (0ms)
			InitializePlatformSupportModulesInManaged (4ms)
			BeforeProcessingInitializeOnLoad (288ms)
			ProcessInitializeOnLoadAttributes (881ms)
			ProcessInitializeOnLoadMethodAttributes (791ms)
			AfterProcessingInitializeOnLoad (15ms)
		AwakeInstancesAfterBackupRestoration (24ms)
Launched and connected shader compiler UnityShaderCompiler.exe after 0.04 seconds
Refreshing native plugins compatible for Editor in 19.76 ms, found 3 plugins.
Unloading 3 Unused Serialized files (Serialized files now loaded: 0)
Unloading 3224 unused Assets / (1.0 MB). Loaded Objects now: 3801.
Memory consumption went from 94.1 MB to 93.1 MB.
Total: 29.917800 ms (FindLiveObjects: 2.483400 ms CreateObjectMapping: 2.014300 ms MarkObjects: 23.599500 ms  DeleteObjects: 1.813200 ms)

========================================================================
Received Import Request.
  Time since last request: 5894.488236 seconds.
  path: Assets/Docs/SettingsSetup.md
  importAddress: Guid(e7252a16f5675544586aa6afd9e9a1f2) Importer(2089858483,b0f066a214c2f5e87bad3c948f4d605d)
Start importing Assets/Docs/SettingsSetup.md using Guid(e7252a16f5675544586aa6afd9e9a1f2) Importer(2089858483,b0f066a214c2f5e87bad3c948f4d605d) (ScriptedImporter) -> (Import Result ID: '7a01a9b650177737becf0416f42b8699') in 0.1379611 seconds [static and dynamic dependencies]. Details - ImportResultOutputID=56574014007aa3e181185df3841c0e11 DependenciesID=936b3c556bef09029b415d5328c78c84 StaticDependenciesID=07bc6c7c220444a53b161164d8994296 
Number of updated asset objects reloaded before import = 0Number of asset objects unloaded after import = 1

========================================================================
Received Import Request.
  Time since last request: 0.000039 seconds.
  path: Assets/Animation/Player/Idle (2).controller
  importAddress: Guid(0a55626db558a444e86d30c02ef6b15d) Importer(2089858483,b0f066a214c2f5e87bad3c948f4d605d)
Start importing Assets/Animation/Player/Idle (2).controller using Guid(0a55626db558a444e86d30c02ef6b15d) Importer(2089858483,b0f066a214c2f5e87bad3c948f4d605d) (ScriptedImporter) -> (Import Result ID: '10a36a828e2219c804270be4458b44e0') in 0.0486328 seconds [static and dynamic dependencies]. Details - ImportResultOutputID=e9abbce6b99355d3c6e8f1ffd14e9289 DependenciesID=1a9db0449a5ba297d8e608503ac6a99c StaticDependenciesID=7ecb964d937a794d275ec83f0c8bb3bb 
Number of updated asset objects reloaded before import = 0Number of asset objects unloaded after import = 8

========================================================================
Received Import Request.
  Time since last request: 0.000188 seconds.
  path: Assets/MobileDependencyResolver/Editor/Google.VersionHandler.dll
  importAddress: Guid(61c24b9980ea49ae90c8b62fb489de77) Importer(2089858483,b0f066a214c2f5e87bad3c948f4d605d)
Start importing Assets/MobileDependencyResolver/Editor/Google.VersionHandler.dll using Guid(61c24b9980ea49ae90c8b62fb489de77) Importer(2089858483,b0f066a214c2f5e87bad3c948f4d605d) (ScriptedImporter) -> (Import Result ID: '66409834696b1a68ee384a7d760631d2') in 0.0393699 seconds [static and dynamic dependencies]. Details - ImportResultOutputID=16b106e53b71c9552185667b509e309a DependenciesID=8af6100b64fae880cb9e162481d9adbb StaticDependenciesID=4e1047dd3e2faafd512112a99a0ab039 
Number of updated asset objects reloaded before import = 0Number of asset objects unloaded after import = 0

========================================================================
Received Import Request.
  Time since last request: 0.000044 seconds.
  path: Assets/Sprites/adventure_girl/png/Dead (4).png
  importAddress: Guid(9b760237c5ee2c244ac82b25e911f316) Importer(2089858483,b0f066a214c2f5e87bad3c948f4d605d)
Start importing Assets/Sprites/adventure_girl/png/Dead (4).png using Guid(9b760237c5ee2c244ac82b25e911f316) Importer(2089858483,b0f066a214c2f5e87bad3c948f4d605d) (ScriptedImporter) -> (Import Result ID: '6aa544b7faf39a1afbf1ef9be65bf654') in 0.1342274 seconds [static and dynamic dependencies]. Details - ImportResultOutputID=b6263f75892510a22ebb54e91937dcf9 DependenciesID=0596c7b5d1f517d44e4e90591106c065 StaticDependenciesID=32184ac07574118d1b15d89846ac2e04 
Number of updated asset objects reloaded before import = 0Number of asset objects unloaded after import = 3

========================================================================
Received Import Request.
  Time since last request: 0.000591 seconds.
  path: Assets/Animation/Player/Player_Girl_Fire.anim
  importAddress: Guid(7279afc7e1b2ea64f94a8259b47e89fa) Importer(2089858483,b0f066a214c2f5e87bad3c948f4d605d)
Start importing Assets/Animation/Player/Player_Girl_Fire.anim using Guid(7279afc7e1b2ea64f94a8259b47e89fa) Importer(2089858483,b0f066a214c2f5e87bad3c948f4d605d) (ScriptedImporter) -> (Import Result ID: 'f132fdd4a49adb56249e655932cdd010') in 0.0458178 seconds [static and dynamic dependencies]. Details - ImportResultOutputID=2c57200d2effe0b9d57a4e34b4709b5f DependenciesID=bdb516cfefd2c6a3fef5f244aefa8335 StaticDependenciesID=5d9a6ef2ac521da2d383a83f33ff9db1 
Number of updated asset objects reloaded before import = 0Number of asset objects unloaded after import = 1

========================================================================
Received Import Request.
  Time since last request: 0.000029 seconds.
  path: Assets/Sprites/adventure_girl/png/Dead (8).png
  importAddress: Guid(fad081ecee1d7664ba7f58659d2007c5) Importer(2089858483,b0f066a214c2f5e87bad3c948f4d605d)
Start importing Assets/Sprites/adventure_girl/png/Dead (8).png using Guid(fad081ecee1d7664ba7f58659d2007c5) Importer(2089858483,b0f066a214c2f5e87bad3c948f4d605d) (ScriptedImporter) -> (Import Result ID: 'ca72865774fe7af77b81aa2d99a4963a') in 0.0453999 seconds [static and dynamic dependencies]. Details - ImportResultOutputID=e9955bc3bc6cc9ffcd461faa9e3a1a0f DependenciesID=2f12672f5d02681af9ea372c370c56a0 StaticDependenciesID=6a01fd8cec252ecfafbceeb5e8997298 
Number of updated asset objects reloaded before import = 0Number of asset objects unloaded after import = 3

========================================================================
Received Import Request.
  Time since last request: 0.000029 seconds.
  path: Assets/MobileDependencyResolver/Editor/1.2.185/Google.PackageManagerResolver.dll
  importAddress: Guid(bf27b3f704244da0af729a6737adb7f1) Importer(2089858483,b0f066a214c2f5e87bad3c948f4d605d)
Start importing Assets/MobileDependencyResolver/Editor/1.2.185/Google.PackageManagerResolver.dll using Guid(bf27b3f704244da0af729a6737adb7f1) Importer(2089858483,b0f066a214c2f5e87bad3c948f4d605d) (ScriptedImporter) -> (Import Result ID: 'bb5f88f74afc0d44235a51b4845a13b3') in 0.0302664 seconds [static and dynamic dependencies]. Details - ImportResultOutputID=19979528f092f77dfdf72e919fdc8a0f DependenciesID=50dd29987ea76b3b8ef46605d81a2329 StaticDependenciesID=97ebe32a69770f99a84a7e74eb6a9098 
Number of updated asset objects reloaded before import = 0Number of asset objects unloaded after import = 0

========================================================================
Received Import Request.
  Time since last request: 0.000032 seconds.
  path: Assets/Sprites/adventure_girl/png/Idle (2).png
  importAddress: Guid(a31dabeea6960bc46a7fe38b85eee211) Importer(2089858483,b0f066a214c2f5e87bad3c948f4d605d)
Start importing Assets/Sprites/adventure_girl/png/Idle (2).png using Guid(a31dabeea6960bc46a7fe38b85eee211) Importer(2089858483,b0f066a214c2f5e87bad3c948f4d605d) (ScriptedImporter) -> (Import Result ID: 'bbeb0357cca02240cc5af3580d33b16d') in 0.0476327 seconds [static and dynamic dependencies]. Details - ImportResultOutputID=d52e2146e8e613cde9e567f0c9b40732 DependenciesID=2e9e7fd3c8929a462c411bc7613d6a2b StaticDependenciesID=193c0f1f2a981d4568eeeaa017a2e975 
Number of updated asset objects reloaded before import = 0Number of asset objects unloaded after import = 3

========================================================================
Received Import Request.
  Time since last request: 0.000050 seconds.
  path: Assets/Sprites/adventure_girl/png/Jump (1).png
  importAddress: Guid(42b5df4d0b45e18479f20b9da832eb3e) Importer(2089858483,b0f066a214c2f5e87bad3c948f4d605d)
Start importing Assets/Sprites/adventure_girl/png/Jump (1).png using Guid(42b5df4d0b45e18479f20b9da832eb3e) Importer(2089858483,b0f066a214c2f5e87bad3c948f4d605d) (ScriptedImporter) -> (Import Result ID: 'c1318faffa1133e2ef581875c13e6a24') in 0.0425321 seconds [static and dynamic dependencies]. Details - ImportResultOutputID=b55381cade74ee9db1eb10430943c01d DependenciesID=7914144d0493bcd9ee93c1189e9c9f5f StaticDependenciesID=114f27411672934cd0fc4c6e9f8f58c7 
Number of updated asset objects reloaded before import = 0Number of asset objects unloaded after import = 3

========================================================================
Received Import Request.
  Time since last request: 0.000140 seconds.
  path: Assets/Scripts/TotalKillsDisplay.cs
  importAddress: Guid(d449328be949a1b47a11e08ce3b434f2) Importer(2089858483,b0f066a214c2f5e87bad3c948f4d605d)
Start importing Assets/Scripts/TotalKillsDisplay.cs using Guid(d449328be949a1b47a11e08ce3b434f2) Importer(2089858483,b0f066a214c2f5e87bad3c948f4d605d) (ScriptedImporter) -> (Import Result ID: 'af9807b2b7005da71cb4de3446c3fcf5') in 0.0256947 seconds [static and dynamic dependencies]. Details - ImportResultOutputID=1890524217fb2279451965eef37ec727 DependenciesID=a889427c892fba0d88de8743df29f8ab StaticDependenciesID=8058447afcef24b752e668a34b527131 
Number of updated asset objects reloaded before import = 0Number of asset objects unloaded after import = 0

========================================================================
Received Import Request.
  Time since last request: 0.000252 seconds.
  path: Assets/Sprites/adventure_girl/png/Idle (10).png
  importAddress: Guid(fee3101f7b5df6b4b9aa3e16105b1f31) Importer(2089858483,b0f066a214c2f5e87bad3c948f4d605d)
Start importing Assets/Sprites/adventure_girl/png/Idle (10).png using Guid(fee3101f7b5df6b4b9aa3e16105b1f31) Importer(2089858483,b0f066a214c2f5e87bad3c948f4d605d) (ScriptedImporter) -> (Import Result ID: '9f18036887b411db3c1bfecf131509c0') in 0.0559598 seconds [static and dynamic dependencies]. Details - ImportResultOutputID=1c28683944456dc18bc0118314a64e3c DependenciesID=8138d5ae472094010ed34fc540471cd1 StaticDependenciesID=b88db086e4564e917c4835482de07d21 
Number of updated asset objects reloaded before import = 0Number of asset objects unloaded after import = 3

========================================================================
Received Import Request.
  Time since last request: 0.000048 seconds.
  path: Assets/Sprites/adventure_girl/png/Dead (3).png
  importAddress: Guid(7bc4db18de5fa7046bf29292d63f9df9) Importer(2089858483,b0f066a214c2f5e87bad3c948f4d605d)
Start importing Assets/Sprites/adventure_girl/png/Dead (3).png using Guid(7bc4db18de5fa7046bf29292d63f9df9) Importer(2089858483,b0f066a214c2f5e87bad3c948f4d605d) (ScriptedImporter) -> (Import Result ID: '15f512faae5e4067c8a7b3a99e726244') in 0.0492506 seconds [static and dynamic dependencies]. Details - ImportResultOutputID=2271f0d1fb8b4ff806872f528a8cdbca DependenciesID=2963601b9011b34405c3f37c4f7be3bd StaticDependenciesID=e9fe781b04e33ceebc2a4e3bde6d6076 
Number of updated asset objects reloaded before import = 0Number of asset objects unloaded after import = 3

========================================================================
Received Import Request.
  Time since last request: 0.000044 seconds.
  path: Assets/Sprites/adventure_girl/png/Dead-Gun (8).png
  importAddress: Guid(9c524380f0764544b869f8124a02ef6f) Importer(2089858483,b0f066a214c2f5e87bad3c948f4d605d)
Start importing Assets/Sprites/adventure_girl/png/Dead-Gun (8).png using Guid(9c524380f0764544b869f8124a02ef6f) Importer(2089858483,b0f066a214c2f5e87bad3c948f4d605d) (ScriptedImporter) -> (Import Result ID: '4fc12c50aa745021504c195bdf92e8c4') in 0.0421224 seconds [static and dynamic dependencies]. Details - ImportResultOutputID=67edac37930c1b46390a348ddcd61212 DependenciesID=33f17390c397dd57151c495e718fe584 StaticDependenciesID=bb611bc66da4c8e52c01235acd58c0dc 
Number of updated asset objects reloaded before import = 0Number of asset objects unloaded after import = 3

========================================================================
Received Import Request.
  Time since last request: 0.000032 seconds.
  path: Assets/Sprites/adventure_girl/png/Jump (10).png
  importAddress: Guid(790888499012582409ccfb5acd45e552) Importer(2089858483,b0f066a214c2f5e87bad3c948f4d605d)
Start importing Assets/Sprites/adventure_girl/png/Jump (10).png using Guid(790888499012582409ccfb5acd45e552) Importer(2089858483,b0f066a214c2f5e87bad3c948f4d605d) (ScriptedImporter) -> (Import Result ID: '57cbb266cdfda50a65fe36f94d3d817f') in 0.0460512 seconds [static and dynamic dependencies]. Details - ImportResultOutputID=3ef2f52696453bec6ac8e636ec9cccd9 DependenciesID=e50714585d30e41e1175219a3e5bf466 StaticDependenciesID=e220af57993284eba88c06d90664addb 
Number of updated asset objects reloaded before import = 0Number of asset objects unloaded after import = 3

========================================================================
Received Import Request.
  Time since last request: 0.000068 seconds.
  path: Assets/Musics/mainTheme.mp3
  importAddress: Guid(033790921e2854e4384af5744e13e32a) Importer(2089858483,b0f066a214c2f5e87bad3c948f4d605d)
Start importing Assets/Musics/mainTheme.mp3 using Guid(033790921e2854e4384af5744e13e32a) Importer(2089858483,b0f066a214c2f5e87bad3c948f4d605d) (ScriptedImporter) -> (Import Result ID: '3741771ef1dec1823fb9664f58500f61') in 0.0484977 seconds [static and dynamic dependencies]. Details - ImportResultOutputID=574f5b5838b2b2c62f65757a11778c24 DependenciesID=338eae0f1fa34b2d6632c7846370590f StaticDependenciesID=4374b21171f958fbe22b2b6bf7d8be11 
Number of updated asset objects reloaded before import = 0Number of asset objects unloaded after import = 1

========================================================================
Received Import Request.
  Time since last request: 0.000076 seconds.
  path: Assets/Prefab/MaleBullet.prefab
  importAddress: Guid(0ad58636943d87049a8d541c55f898cb) Importer(2089858483,b0f066a214c2f5e87bad3c948f4d605d)
Start importing Assets/Prefab/MaleBullet.prefab using Guid(0ad58636943d87049a8d541c55f898cb) Importer(2089858483,b0f066a214c2f5e87bad3c948f4d605d) (ScriptedImporter) -> (Import Result ID: '506e02df73f4902a66b111899f1b8000') in 0.106938 seconds [static and dynamic dependencies]. Details - ImportResultOutputID=2fc67a6adcdd3b56b4fba1e9f249ea8c DependenciesID=9702076b1f083f6fb2d1e0ef12cb8d50 StaticDependenciesID=9feb6258733a6b25b105a015135ab481 
Number of updated asset objects reloaded before import = 0Number of asset objects unloaded after import = 10

========================================================================
Received Import Request.
  Time since last request: 0.000078 seconds.
  path: Assets/Sprites/BG/bg_bump.png
  importAddress: Guid(56c30f2ed7b4ba94b8da7b62ef7262b5) Importer(2089858483,b0f066a214c2f5e87bad3c948f4d605d)
Start importing Assets/Sprites/BG/bg_bump.png using Guid(56c30f2ed7b4ba94b8da7b62ef7262b5) Importer(2089858483,b0f066a214c2f5e87bad3c948f4d605d) (ScriptedImporter) -> (Import Result ID: 'a91c0741ed8606c2375cc233d2dcc89e') in 0.056883 seconds [static and dynamic dependencies]. Details - ImportResultOutputID=2c83cc5d723d3a4bbe4e6d1e1e96d6f0 DependenciesID=87ba1f8d20c44564b376efb0e29d72ce StaticDependenciesID=33ff1841a11a0497adc692e090fe3a1f 
Number of updated asset objects reloaded before import = 0Number of asset objects unloaded after import = 3

========================================================================
Received Import Request.
  Time since last request: 0.000032 seconds.
  path: Assets/Sprites/adventure_girl/png/Melee (3).png
  importAddress: Guid(06cc9d1b556e8c140bd2b8eeb96c372e) Importer(2089858483,b0f066a214c2f5e87bad3c948f4d605d)
Start importing Assets/Sprites/adventure_girl/png/Melee (3).png using Guid(06cc9d1b556e8c140bd2b8eeb96c372e) Importer(2089858483,b0f066a214c2f5e87bad3c948f4d605d) (ScriptedImporter) -> (Import Result ID: '99b0465e3eade3a1ab04506e2da1dea4') in 0.043191 seconds [static and dynamic dependencies]. Details - ImportResultOutputID=9cfeb30d7efb4655e573cb19b5d0a816 DependenciesID=f1614d64251523be743a13cbfc4cf1de StaticDependenciesID=8accaedb48338d6930f59064b7842736 
Number of updated asset objects reloaded before import = 0Number of asset objects unloaded after import = 3

========================================================================
Received Import Request.
  Time since last request: 0.000034 seconds.
  path: Assets/Sprites/adventure_girl/png/Jump (7).png
  importAddress: Guid(8cc59d30c712116419433cde3c947723) Importer(2089858483,b0f066a214c2f5e87bad3c948f4d605d)
Start importing Assets/Sprites/adventure_girl/png/Jump (7).png using Guid(8cc59d30c712116419433cde3c947723) Importer(2089858483,b0f066a214c2f5e87bad3c948f4d605d) (ScriptedImporter) -> (Import Result ID: 'a34eb30c7c34df5755f083164ea64641') in 0.050971 seconds [static and dynamic dependencies]. Details - ImportResultOutputID=fb14b0c2fc34b78d945ded6177afe6b4 DependenciesID=54755a182642e6a9ffe2f43ee83bd724 StaticDependenciesID=35c6935314602b16fd1580c6ecebcd7d 
Number of updated asset objects reloaded before import = 0Number of asset objects unloaded after import = 3

========================================================================
Received Import Request.
  Time since last request: 0.000076 seconds.
  path: Assets/Sprites/adventure_girl/png/Run (6).png
  importAddress: Guid(49f4a596bf4a1144e813750ed57aee68) Importer(2089858483,b0f066a214c2f5e87bad3c948f4d605d)
Start importing Assets/Sprites/adventure_girl/png/Run (6).png using Guid(49f4a596bf4a1144e813750ed57aee68) Importer(2089858483,b0f066a214c2f5e87bad3c948f4d605d) (ScriptedImporter) -> (Import Result ID: '835353a7902d24eaff17b555e9188b28') in 0.0416451 seconds [static and dynamic dependencies]. Details - ImportResultOutputID=b9adf805d210e5de468232f1d1d14a94 DependenciesID=6eb91bb3419f1cbebf7e1c0b9f65fa2b StaticDependenciesID=0aff217cdc6b22d5025f490efec0a7bd 
Number of updated asset objects reloaded before import = 0Number of asset objects unloaded after import = 3

========================================================================
Received Import Request.
  Time since last request: 0.000032 seconds.
  path: Assets/Animation/Player/Player_Girl_Death.anim
  importAddress: Guid(82ceec8b630fe46418e0df797e1babfd) Importer(2089858483,b0f066a214c2f5e87bad3c948f4d605d)
Start importing Assets/Animation/Player/Player_Girl_Death.anim using Guid(82ceec8b630fe46418e0df797e1babfd) Importer(2089858483,b0f066a214c2f5e87bad3c948f4d605d) (ScriptedImporter) -> (Import Result ID: '965b3de6ab63252aa948ac81992ce5cd') in 0.0323495 seconds [static and dynamic dependencies]. Details - ImportResultOutputID=67c050eca00b54d55fc6894a9b6fea47 DependenciesID=a6d9d8c72efc0f52f89e1502693aac9a StaticDependenciesID=5585959f20804111dd3d0a1cdd953c71 
Number of updated asset objects reloaded before import = 0Number of asset objects unloaded after import = 1

========================================================================
Received Import Request.
  Time since last request: 0.000092 seconds.
  path: Assets/Sprites/adventure_girl/png/Idle (8).png
  importAddress: Guid(447dbc5b08abaee44a56b89ab6076e1b) Importer(2089858483,b0f066a214c2f5e87bad3c948f4d605d)
Start importing Assets/Sprites/adventure_girl/png/Idle (8).png using Guid(447dbc5b08abaee44a56b89ab6076e1b) Importer(2089858483,b0f066a214c2f5e87bad3c948f4d605d) (ScriptedImporter) -> (Import Result ID: 'fa9cbfbdd92aba1428658cf20ee3e79b') in 0.0413274 seconds [static and dynamic dependencies]. Details - ImportResultOutputID=91a08e64ee57dabb41c5978eb5653acf DependenciesID=9e36f3b6e2aec0c246132ec61f85b32d StaticDependenciesID=ad5ae698af91b3047271b9f46ad54274 
Number of updated asset objects reloaded before import = 0Number of asset objects unloaded after import = 3

========================================================================
Received Import Request.
  Time since last request: 0.000040 seconds.
  path: Assets/Sprites/adventure_girl/png/Run (5).png
  importAddress: Guid(0542ba0db65482341a1845f5b31eed63) Importer(2089858483,b0f066a214c2f5e87bad3c948f4d605d)
Start importing Assets/Sprites/adventure_girl/png/Run (5).png using Guid(0542ba0db65482341a1845f5b31eed63) Importer(2089858483,b0f066a214c2f5e87bad3c948f4d605d) (ScriptedImporter) -> (Import Result ID: '5e266427324a0e7d03bae0472d482f0f') in 0.045953 seconds [static and dynamic dependencies]. Details - ImportResultOutputID=ccc5872b5e618c04366c32f3984d2e91 DependenciesID=8f4839c4671b8d1e557a488ea4b8ab0b StaticDependenciesID=e1f588a1d89de8e2a45e07cea65cbff2 
Number of updated asset objects reloaded before import = 0Number of asset objects unloaded after import = 3

========================================================================
Received Import Request.
  Time since last request: 0.000034 seconds.
  path: Assets/TextMesh Pro/Shaders/SDFFunctions.hlsl
  importAddress: Guid(96de908384869cd409c75efa351d5edf) Importer(2089858483,b0f066a214c2f5e87bad3c948f4d605d)
Start importing Assets/TextMesh Pro/Shaders/SDFFunctions.hlsl using Guid(96de908384869cd409c75efa351d5edf) Importer(2089858483,b0f066a214c2f5e87bad3c948f4d605d) (ScriptedImporter) -> (Import Result ID: '7dd40b2d2967860b97d0b2e156405919') in 0.0283656 seconds [static and dynamic dependencies]. Details - ImportResultOutputID=be6ae68413a9ee822795eb4ab53fe229 DependenciesID=e5dcb9db32d410e5f4e7060e4c56954b StaticDependenciesID=a8e1d6bfd2150c859a38d309c983c995 
Number of updated asset objects reloaded before import = 0Number of asset objects unloaded after import = 1

========================================================================
Received Import Request.
  Time since last request: 0.000030 seconds.
  path: Assets/Editor/CleanupEmptyUIParams.cs
  importAddress: Guid(9b60b3c52ce573e43af6587c5049f985) Importer(2089858483,b0f066a214c2f5e87bad3c948f4d605d)
Start importing Assets/Editor/CleanupEmptyUIParams.cs using Guid(9b60b3c52ce573e43af6587c5049f985) Importer(2089858483,b0f066a214c2f5e87bad3c948f4d605d) (ScriptedImporter) -> (Import Result ID: '1082cb32aebad6c68a2bb4070158ab12') in 0.0239399 seconds [static and dynamic dependencies]. Details - ImportResultOutputID=c65777145ddf21862592ffd9fa4fa054 DependenciesID=9017a50ea13db29f577a69514366d00a StaticDependenciesID=5a7c06090e05e49d792869394dca68b0 
Number of updated asset objects reloaded before import = 0Number of asset objects unloaded after import = 0

========================================================================
Received Import Request.
  Time since last request: 0.000036 seconds.
  path: Assets/Scripts/Player.cs
  importAddress: Guid(b16061f07164ab44da32547e79c545df) Importer(2089858483,b0f066a214c2f5e87bad3c948f4d605d)
Start importing Assets/Scripts/Player.cs using Guid(b16061f07164ab44da32547e79c545df) Importer(2089858483,b0f066a214c2f5e87bad3c948f4d605d) (ScriptedImporter) -> (Import Result ID: 'f86f00a22fb9e8dfe8159c015462dfae') in 0.0434568 seconds [static and dynamic dependencies]. Details - ImportResultOutputID=478a13cca58f6c98e739f3d8eff0bce0 DependenciesID=fc231d80c4360618eb04feee2b23b5fc StaticDependenciesID=6db571823cda273a41975315ad53902b 
Number of updated asset objects reloaded before import = 0Number of asset objects unloaded after import = 0

========================================================================
Received Import Request.
  Time since last request: 0.000063 seconds.
  path: Assets/Sprites/BG/Untitled-1.jpg
  importAddress: Guid(dcb8fa7804cd5ce468886df761232624) Importer(2089858483,b0f066a214c2f5e87bad3c948f4d605d)
Start importing Assets/Sprites/BG/Untitled-1.jpg using Guid(dcb8fa7804cd5ce468886df761232624) Importer(2089858483,b0f066a214c2f5e87bad3c948f4d605d) (ScriptedImporter) -> (Import Result ID: '000e603ca01aa97fe519ecce18404b9f') in 0.0697255 seconds [static and dynamic dependencies]. Details - ImportResultOutputID=7581bcbbbb47af50c5e6eee41cb87998 DependenciesID=c5a2ed98008520c1ed998f4e061e83fe StaticDependenciesID=efcb9faa7daba2e57e19b5bb3b4db39d 
Number of updated asset objects reloaded before import = 0Number of asset objects unloaded after import = 3

========================================================================
Received Import Request.
  Time since last request: 0.000066 seconds.
  path: Assets/Prefab/MaleZombie.prefab
  importAddress: Guid(cd1fc14aed5729e44bd4e4e37a63e02c) Importer(2089858483,b0f066a214c2f5e87bad3c948f4d605d)
Start importing Assets/Prefab/MaleZombie.prefab using Guid(cd1fc14aed5729e44bd4e4e37a63e02c) Importer(2089858483,b0f066a214c2f5e87bad3c948f4d605d) (ScriptedImporter) -> (Import Result ID: '557e7a69e6928892dd5ab61c3510e2b9') in 0.0709367 seconds [static and dynamic dependencies]. Details - ImportResultOutputID=31225d9a4851807ae6467977a000bf6e DependenciesID=f1da409ea6c46d4a16abf93697fffcbc StaticDependenciesID=977440a841fc4500b47c6a2c6195eab0 
Number of updated asset objects reloaded before import = 0Number of asset objects unloaded after import = 18

========================================================================
Received Import Request.
  Time since last request: 0.000205 seconds.
  path: Assets/TextMesh Pro/Resources/Style Sheets/Default Style Sheet.asset
  importAddress: Guid(f952c082cb03451daed3ee968ac6c63e) Importer(2089858483,b0f066a214c2f5e87bad3c948f4d605d)
Start importing Assets/TextMesh Pro/Resources/Style Sheets/Default Style Sheet.asset using Guid(f952c082cb03451daed3ee968ac6c63e) Importer(2089858483,b0f066a214c2f5e87bad3c948f4d605d) (ScriptedImporter) -> (Import Result ID: '58cd8888dafe279ef59978489eb65f81') in 0.0324061 seconds [static and dynamic dependencies]. Details - ImportResultOutputID=89392f274b42782f2d123f88951b9cbf DependenciesID=0e8390b4bfc02cba46d73a4c16687a28 StaticDependenciesID=29fce2b362eaf2efde4abff3423e70dc 
Number of updated asset objects reloaded before import = 0Number of asset objects unloaded after import = 1

========================================================================
Received Import Request.
  Time since last request: 0.000032 seconds.
  path: Assets/TextMesh Pro/Resources/Fonts & Materials/LiberationSans SDF - Outline.mat
  importAddress: Guid(79459efec17a4d00a321bdcc27bbc385) Importer(2089858483,b0f066a214c2f5e87bad3c948f4d605d)
Start importing Assets/TextMesh Pro/Resources/Fonts & Materials/LiberationSans SDF - Outline.mat using Guid(79459efec17a4d00a321bdcc27bbc385) Importer(2089858483,b0f066a214c2f5e87bad3c948f4d605d) (ScriptedImporter) -> (Import Result ID: '795a84f8b8ce05ab9fe1e3c2b89cfdb0') in 0.0666505 seconds [static and dynamic dependencies]. Details - ImportResultOutputID=a117db3c018b73416e8a7d0e004ad401 DependenciesID=74ae995797815d545af6fa71430fec20 StaticDependenciesID=ea4f6bdbbd3fe4a09d6f1f24747b1613 
Number of updated asset objects reloaded before import = 0Number of asset objects unloaded after import = 2

========================================================================
Received Import Request.
  Time since last request: 0.000063 seconds.
  path: Assets/TextMesh Pro/Resources/Shaders/TMP_SDF-Mobile Overlay.shader
  importAddress: Guid(a02a7d8c237544f1962732b55a9aebf1) Importer(2089858483,b0f066a214c2f5e87bad3c948f4d605d)
Start importing Assets/TextMesh Pro/Resources/Shaders/TMP_SDF-Mobile Overlay.shader using Guid(a02a7d8c237544f1962732b55a9aebf1) Importer(2089858483,b0f066a214c2f5e87bad3c948f4d605d) (ScriptedImporter) -> (Import Result ID: '40f68e4bc299aa820b745eee84db82be') in 0.0519574 seconds [static and dynamic dependencies]. Details - ImportResultOutputID=0d4f22bfad88d15697ccb558c557895e DependenciesID=18f46ffb7fc82437af2f3d159a811328 StaticDependenciesID=776311549543df7b727f2d699b0406ea 
Number of updated asset objects reloaded before import = 0Number of asset objects unloaded after import = 1

========================================================================
Received Import Request.
  Time since last request: 0.000362 seconds.
  path: Assets/Sprites/adventure_girl/png/Slide (4).png
  importAddress: Guid(458392a9019fda947b9c2019eb5ed877) Importer(2089858483,b0f066a214c2f5e87bad3c948f4d605d)
Start importing Assets/Sprites/adventure_girl/png/Slide (4).png using Guid(458392a9019fda947b9c2019eb5ed877) Importer(2089858483,b0f066a214c2f5e87bad3c948f4d605d) (ScriptedImporter) -> (Import Result ID: 'e0aed58bf915727885826efcac7cb17a') in 0.0597706 seconds [static and dynamic dependencies]. Details - ImportResultOutputID=3c09881b3899131753a824ced7b6e4d7 DependenciesID=c1235eecfed802756dba1ed6a608c31b StaticDependenciesID=5b8b8c71e06df21864c7b46ac33d4c5c 
Number of updated asset objects reloaded before import = 0Number of asset objects unloaded after import = 3

========================================================================
Received Import Request.
  Time since last request: 0.000061 seconds.
  path: Assets/TextMesh Pro/Resources/Fonts & Materials/LiberationSans SDF.asset
  importAddress: Guid(8f586378b4e144a9851e7b34d9b748ee) Importer(2089858483,b0f066a214c2f5e87bad3c948f4d605d)
Start importing Assets/TextMesh Pro/Resources/Fonts & Materials/LiberationSans SDF.asset using Guid(8f586378b4e144a9851e7b34d9b748ee) Importer(2089858483,b0f066a214c2f5e87bad3c948f4d605d) (ScriptedImporter) -> (Import Result ID: '3201617198398d00de2661758d5dd2de') in 0.1371815 seconds [static and dynamic dependencies]. Details - ImportResultOutputID=15084a6fae9f17cbd2d875cc0da3064e DependenciesID=4260cd2ca31151f4a7dbd58c74d0662d StaticDependenciesID=03196394252164c49573b2b088ad3c30 
Number of updated asset objects reloaded before import = 0Number of asset objects unloaded after import = 8

========================================================================
Received Import Request.
  Time since last request: 0.000058 seconds.
  path: Assets/TextMesh Pro/Resources/Shaders/TMP_SDF-Mobile Masking.shader
  importAddress: Guid(bc1ede39bf3643ee8e493720e4259791) Importer(2089858483,b0f066a214c2f5e87bad3c948f4d605d)
Start importing Assets/TextMesh Pro/Resources/Shaders/TMP_SDF-Mobile Masking.shader using Guid(bc1ede39bf3643ee8e493720e4259791) Importer(2089858483,b0f066a214c2f5e87bad3c948f4d605d) (ScriptedImporter) -> (Import Result ID: '9cccc69e5d9627ee56174c168a7681eb') in 0.0273713 seconds [static and dynamic dependencies]. Details - ImportResultOutputID=d47d3258383721b5a6352145bf1a2799 DependenciesID=e34f4f2cc20d360f03cecae3fd9ba252 StaticDependenciesID=4cb826bf9ec8f511dffb4438fc2dbb4b 
Number of updated asset objects reloaded before import = 0Number of asset objects unloaded after import = 1

========================================================================
Received Import Request.
  Time since last request: 0.000034 seconds.
  path: Assets/Sprites/zombiefiles/png/female/Attack (7).png
  importAddress: Guid(2ada7771ab0d30c458ab1b6e9fa18d15) Importer(2089858483,b0f066a214c2f5e87bad3c948f4d605d)
Start importing Assets/Sprites/zombiefiles/png/female/Attack (7).png using Guid(2ada7771ab0d30c458ab1b6e9fa18d15) Importer(2089858483,b0f066a214c2f5e87bad3c948f4d605d) (ScriptedImporter) -> (Import Result ID: '8d89d7ed4871afadc93ba4fa8bb44d9a') in 0.0444811 seconds [static and dynamic dependencies]. Details - ImportResultOutputID=4f73b17c4ffae644cf39093f5bb4a933 DependenciesID=3bd8ea847375c01a9636031d51788bdf StaticDependenciesID=33cba6c946b1bb31847392ba6c54e050 
Number of updated asset objects reloaded before import = 0Number of asset objects unloaded after import = 3

========================================================================
Received Import Request.
  Time since last request: 0.000035 seconds.
  path: Assets/Sprites/Square.png
  importAddress: Guid(caedad60618acf048bafaec47e69d88d) Importer(2089858483,b0f066a214c2f5e87bad3c948f4d605d)
Start importing Assets/Sprites/Square.png using Guid(caedad60618acf048bafaec47e69d88d) Importer(2089858483,b0f066a214c2f5e87bad3c948f4d605d) (ScriptedImporter) -> (Import Result ID: '69f4963c098bba47225de139c8ffddbc') in 0.0356763 seconds [static and dynamic dependencies]. Details - ImportResultOutputID=142e4fe93c362061b92f0545cb8c0a3d DependenciesID=84d1c721b3544c34da5b2e7979a7dd2a StaticDependenciesID=3c9f23ba686c5f1a11072bfcecb9b528 
Number of updated asset objects reloaded before import = 0Number of asset objects unloaded after import = 3

========================================================================
Received Import Request.
  Time since last request: 0.000029 seconds.
  path: Assets/Sprites/zombiefiles/png/female/Idle (13).png
  importAddress: Guid(17400b1e48fa6714580a68c6f4b71a1d) Importer(2089858483,b0f066a214c2f5e87bad3c948f4d605d)
Start importing Assets/Sprites/zombiefiles/png/female/Idle (13).png using Guid(17400b1e48fa6714580a68c6f4b71a1d) Importer(2089858483,b0f066a214c2f5e87bad3c948f4d605d) (ScriptedImporter) -> (Import Result ID: '9b8efbb05d8d60c19f1b0c1da5ef58f8') in 0.0393279 seconds [static and dynamic dependencies]. Details - ImportResultOutputID=dc7c6ef5aded166bb4cb6841c0d70c7a DependenciesID=91921a3f3b6ad37e3c05f756ea496025 StaticDependenciesID=e20576fce8efc56854a7484d301f90de 
Number of updated asset objects reloaded before import = 0Number of asset objects unloaded after import = 3

========================================================================
Received Import Request.
  Time since last request: 0.000034 seconds.
  path: Assets/Sprites/zombiefiles/png/female/Dead (1).png
  importAddress: Guid(1f9723d376e97db489927af8839c4aeb) Importer(2089858483,b0f066a214c2f5e87bad3c948f4d605d)
Start importing Assets/Sprites/zombiefiles/png/female/Dead (1).png using Guid(1f9723d376e97db489927af8839c4aeb) Importer(2089858483,b0f066a214c2f5e87bad3c948f4d605d) (ScriptedImporter) -> (Import Result ID: 'dfb503dd0684a48f79a13f5b77842608') in 0.0513039 seconds [static and dynamic dependencies]. Details - ImportResultOutputID=1d32e31ca7ed33356c88d855ebd7a467 DependenciesID=05ebb714ae0eebbbabc070ac5efbcd43 StaticDependenciesID=b2fce0ccf26328f427a50eee3c2538d8 
Number of updated asset objects reloaded before import = 0Number of asset objects unloaded after import = 3

========================================================================
Received Import Request.
  Time since last request: 0.000039 seconds.
  path: Assets/Sprites/zombiefiles/png/female/Walk (2).png
  importAddress: Guid(5095fb9c5a513864094d97af680067bb) Importer(2089858483,b0f066a214c2f5e87bad3c948f4d605d)
Start importing Assets/Sprites/zombiefiles/png/female/Walk (2).png using Guid(5095fb9c5a513864094d97af680067bb) Importer(2089858483,b0f066a214c2f5e87bad3c948f4d605d) (ScriptedImporter) -> (Import Result ID: '9d366c9dc92b8a7638f00c260e20e725') in 0.0425649 seconds [static and dynamic dependencies]. Details - ImportResultOutputID=cafbf6b253afbc36770ad81ba1d9fdba DependenciesID=d9ea360e9a3f4b4da86eaa9917838f56 StaticDependenciesID=5bf3590cdc21f9184b4e13c81f90fcf8 
Number of updated asset objects reloaded before import = 0Number of asset objects unloaded after import = 3

========================================================================
Received Import Request.
  Time since last request: 0.000049 seconds.
  path: Assets/Sprites/zombiefiles/png/female/Dead (6).png
  importAddress: Guid(f4c08cb158e295c4d9458f4a84557d50) Importer(2089858483,b0f066a214c2f5e87bad3c948f4d605d)
Start importing Assets/Sprites/zombiefiles/png/female/Dead (6).png using Guid(f4c08cb158e295c4d9458f4a84557d50) Importer(2089858483,b0f066a214c2f5e87bad3c948f4d605d) (ScriptedImporter) -> (Import Result ID: '5f48a427df9d5dcf2de471e356ec35cc') in 0.0395433 seconds [static and dynamic dependencies]. Details - ImportResultOutputID=a50fefd334bfb124003fa8da7ba95b6b DependenciesID=9d2950f4034b8407375f43090726ccb5 StaticDependenciesID=6f72064e79a833590cd001369ef98a0b 
Number of updated asset objects reloaded before import = 0Number of asset objects unloaded after import = 3

========================================================================
Received Import Request.
  Time since last request: 0.000028 seconds.
  path: Assets/Sprites/zombiefiles/png/female/Idle (10).png
  importAddress: Guid(2f5ebeb9cade582488c7d4e417e3b701) Importer(2089858483,b0f066a214c2f5e87bad3c948f4d605d)
Start importing Assets/Sprites/zombiefiles/png/female/Idle (10).png using Guid(2f5ebeb9cade582488c7d4e417e3b701) Importer(2089858483,b0f066a214c2f5e87bad3c948f4d605d) (ScriptedImporter) -> (Import Result ID: '8bde57bb0390f1cdbf9b781ddcd6fd99') in 0.048172 seconds [static and dynamic dependencies]. Details - ImportResultOutputID=67cf554dfda7caac72f7b523980d2ea8 DependenciesID=e7249a6ba5c7d11b5fd37f643402ce14 StaticDependenciesID=728a05cc9c5ac8a57a6deaf9b039aec5 
Number of updated asset objects reloaded before import = 0Number of asset objects unloaded after import = 3

========================================================================
Received Import Request.
  Time since last request: 0.000038 seconds.
  path: Assets/Sprites/zombiefiles/png/female/Idle (11).png
  importAddress: Guid(ccf239b04a3bb0b459272d7a505e222a) Importer(2089858483,b0f066a214c2f5e87bad3c948f4d605d)
Start importing Assets/Sprites/zombiefiles/png/female/Idle (11).png using Guid(ccf239b04a3bb0b459272d7a505e222a) Importer(2089858483,b0f066a214c2f5e87bad3c948f4d605d) (ScriptedImporter) -> (Import Result ID: '1187863b54f6ec6206c1be3dfb6c86af') in 0.0425778 seconds [static and dynamic dependencies]. Details - ImportResultOutputID=6086397bae24ec18226c42140c7e0eec DependenciesID=5892851c46ab985b9a4f4aeff7915acc StaticDependenciesID=17e257b706372c42d97981329def3eb9 
Number of updated asset objects reloaded before import = 0Number of asset objects unloaded after import = 3

========================================================================
Received Import Request.
  Time since last request: 0.000039 seconds.
  path: Assets/TextMesh Pro/Shaders/TMP_SDF-Mobile-2-Pass.shader
  importAddress: Guid(0178fcb869bafef4690d177d31d17db8) Importer(2089858483,b0f066a214c2f5e87bad3c948f4d605d)
Start importing Assets/TextMesh Pro/Shaders/TMP_SDF-Mobile-2-Pass.shader using Guid(0178fcb869bafef4690d177d31d17db8) Importer(2089858483,b0f066a214c2f5e87bad3c948f4d605d) (ScriptedImporter) -> (Import Result ID: '1929f06cc2e64514c50c6392dcde8647') in 0.0286797 seconds [static and dynamic dependencies]. Details - ImportResultOutputID=1cd8923a7a706dd41670c6d19b23da33 DependenciesID=d1c71ed3e276b6c6cd13167baca13b3f StaticDependenciesID=9121a80a1e20ad10065941938061f954 
Number of updated asset objects reloaded before import = 0Number of asset objects unloaded after import = 1

========================================================================
Received Import Request.
  Time since last request: 0.000030 seconds.
  path: Assets/Sprites/zombiefiles/png/female/Idle (14).png
  importAddress: Guid(b1176008ebbe68d4b9bb21a78241f9a3) Importer(2089858483,b0f066a214c2f5e87bad3c948f4d605d)
Start importing Assets/Sprites/zombiefiles/png/female/Idle (14).png using Guid(b1176008ebbe68d4b9bb21a78241f9a3) Importer(2089858483,b0f066a214c2f5e87bad3c948f4d605d) (ScriptedImporter) -> (Import Result ID: '52f1bdc6357fc2e3a2957e54c57de59f') in 0.0399066 seconds [static and dynamic dependencies]. Details - ImportResultOutputID=692906a611ef8ed13258b7bfd4b19ad3 DependenciesID=c3c7be6b56896cef0ee44f2a110616ec StaticDependenciesID=e306a6aa14c9c53041c8313754230c55 
Number of updated asset objects reloaded before import = 0Number of asset objects unloaded after import = 3

========================================================================
Received Import Request.
  Time since last request: 0.000028 seconds.
  path: Assets/Sprites/adventure_girl/png/Run (3).png
  importAddress: Guid(04ea33b3701aaa0429e8404ef9c7ebcc) Importer(2089858483,b0f066a214c2f5e87bad3c948f4d605d)
Start importing Assets/Sprites/adventure_girl/png/Run (3).png using Guid(04ea33b3701aaa0429e8404ef9c7ebcc) Importer(2089858483,b0f066a214c2f5e87bad3c948f4d605d) (ScriptedImporter) -> (Import Result ID: '2c65f7a5b62efddf619213b00979074b') in 0.0488096 seconds [static and dynamic dependencies]. Details - ImportResultOutputID=3ac6969a9b9a9e3d34113ace8ef5ce71 DependenciesID=ae32449a4872239f70a07c52b1c99b5f StaticDependenciesID=8515a17bdd70f3a4e9d9b3b0d2dc83ec 
Number of updated asset objects reloaded before import = 0Number of asset objects unloaded after import = 3

========================================================================
Received Import Request.
  Time since last request: 0.000047 seconds.
  path: Assets/Sprites/zombiefiles/png/female/Attack (8).png
  importAddress: Guid(8f4392be84327f44f97ec2a9bc4d54bf) Importer(2089858483,b0f066a214c2f5e87bad3c948f4d605d)
Start importing Assets/Sprites/zombiefiles/png/female/Attack (8).png using Guid(8f4392be84327f44f97ec2a9bc4d54bf) Importer(2089858483,b0f066a214c2f5e87bad3c948f4d605d) (ScriptedImporter) -> (Import Result ID: 'df1de3af4ec2b0c53384c74809734903') in 0.062839 seconds [static and dynamic dependencies]. Details - ImportResultOutputID=0bbb2599a7c41bb09b15bdd4f5fed820 DependenciesID=4fb1a73a5e5e0d830ac6996f011a62e9 StaticDependenciesID=fc75aa3dfede4cab3c3b8382e3d645c8 
Number of updated asset objects reloaded before import = 0Number of asset objects unloaded after import = 3

========================================================================
Received Import Request.
  Time since last request: 0.000051 seconds.
  path: Assets/Sprites/zombiefiles/png/female/Idle (2).png
  importAddress: Guid(1c17cac78081c824ea70022d6e638a19) Importer(2089858483,b0f066a214c2f5e87bad3c948f4d605d)
Start importing Assets/Sprites/zombiefiles/png/female/Idle (2).png using Guid(1c17cac78081c824ea70022d6e638a19) Importer(2089858483,b0f066a214c2f5e87bad3c948f4d605d) (ScriptedImporter) -> (Import Result ID: '52124af6bad54d83f5cde1c46e48a20c') in 0.0657321 seconds [static and dynamic dependencies]. Details - ImportResultOutputID=4ed0acad647ef1c180c405668ec3a0d7 DependenciesID=1a5a113e878f5bafc43756a3016c6299 StaticDependenciesID=8546055a85188417e93d9f0f2439b0ae 
Number of updated asset objects reloaded before import = 0Number of asset objects unloaded after import = 3

========================================================================
Received Import Request.
  Time since last request: 0.000056 seconds.
  path: Assets/Sprites/zombiefiles/png/male/Attack (7).png
  importAddress: Guid(74735b24802dc114299ef0ece237fef6) Importer(2089858483,b0f066a214c2f5e87bad3c948f4d605d)
Start importing Assets/Sprites/zombiefiles/png/male/Attack (7).png using Guid(74735b24802dc114299ef0ece237fef6) Importer(2089858483,b0f066a214c2f5e87bad3c948f4d605d) (ScriptedImporter) -> (Import Result ID: 'ee408934482f9ac8519742a3085e9d0c') in 0.0626859 seconds [static and dynamic dependencies]. Details - ImportResultOutputID=8d542678224341ca98bc8982685c75f0 DependenciesID=5bac3367012ce68508279170bc1bf1c8 StaticDependenciesID=6b1dd246fd4006bbd47d0514477a15a1 
Number of updated asset objects reloaded before import = 0Number of asset objects unloaded after import = 3

========================================================================
Received Import Request.
  Time since last request: 0.000042 seconds.
  path: Assets/Sprites/zombiefiles/png/male/Dead (10).png
  importAddress: Guid(8d11dbe7155927d4c800ca43d73e1b6c) Importer(2089858483,b0f066a214c2f5e87bad3c948f4d605d)
Start importing Assets/Sprites/zombiefiles/png/male/Dead (10).png using Guid(8d11dbe7155927d4c800ca43d73e1b6c) Importer(2089858483,b0f066a214c2f5e87bad3c948f4d605d) (ScriptedImporter) -> (Import Result ID: 'e6a6e909cf70d7141ba42df1db98b44d') in 0.0801477 seconds [static and dynamic dependencies]. Details - ImportResultOutputID=ca54211e1ccdb38b26e9ab8cc4022223 DependenciesID=e92d2f14bb65a96db14f0ee5f9601737 StaticDependenciesID=3d6a2889f72987ed14045b9dcadd87e9 
Number of updated asset objects reloaded before import = 0Number of asset objects unloaded after import = 3

========================================================================
Received Import Request.
  Time since last request: 0.000040 seconds.
  path: Assets/Sprites/zombiefiles/png/male/Dead (2).png
  importAddress: Guid(2f70bdff0407326439a7637f1655881d) Importer(2089858483,b0f066a214c2f5e87bad3c948f4d605d)
Start importing Assets/Sprites/zombiefiles/png/male/Dead (2).png using Guid(2f70bdff0407326439a7637f1655881d) Importer(2089858483,b0f066a214c2f5e87bad3c948f4d605d) (ScriptedImporter) -> (Import Result ID: 'ea75bfc3000c22b86ec246940f047cfb') in 0.0818414 seconds [static and dynamic dependencies]. Details - ImportResultOutputID=cfaac3c06fe02cda6e7e077081c75afe DependenciesID=83495cdc295bbfbf410ea0860e817ca5 StaticDependenciesID=4737048b8538df7a87aa97395bad97f1 
Number of updated asset objects reloaded before import = 0Number of asset objects unloaded after import = 3

========================================================================
Received Import Request.
  Time since last request: 0.000083 seconds.
  path: Assets/Sprites/zombiefiles/png/male/Attack (8).png
  importAddress: Guid(e4a68d8858c1b2e49a6c12aa32cdd4c7) Importer(2089858483,b0f066a214c2f5e87bad3c948f4d605d)
Start importing Assets/Sprites/zombiefiles/png/male/Attack (8).png using Guid(e4a68d8858c1b2e49a6c12aa32cdd4c7) Importer(2089858483,b0f066a214c2f5e87bad3c948f4d605d) (ScriptedImporter) -> (Import Result ID: '64e3c2a828b7a28907c9dd14108f4283') in 0.1151512 seconds [static and dynamic dependencies]. Details - ImportResultOutputID=311dcd1600ff4c4273103d1460a84c87 DependenciesID=21227614dd80ee8f87afad5ece177e12 StaticDependenciesID=a3c398bae6b0d6bbde74a7e6b83a821d 
Number of updated asset objects reloaded before import = 0Number of asset objects unloaded after import = 3

========================================================================
Received Import Request.
  Time since last request: 0.000032 seconds.
  path: Assets/Sprites/zombiefiles/png/male/Dead (9).png
  importAddress: Guid(80548989514c3744fa2fe7275b23ba01) Importer(2089858483,b0f066a214c2f5e87bad3c948f4d605d)
Start importing Assets/Sprites/zombiefiles/png/male/Dead (9).png using Guid(80548989514c3744fa2fe7275b23ba01) Importer(2089858483,b0f066a214c2f5e87bad3c948f4d605d) (ScriptedImporter) -> (Import Result ID: 'a9ced9c070e914567dfbb83fbe215b9f') in 0.090996 seconds [static and dynamic dependencies]. Details - ImportResultOutputID=fd19d7b1b2c016ef79ecc89ca180d235 DependenciesID=9f6d3f77e25071e8fbbfe214a9bcc89e StaticDependenciesID=5210ec023cfa5f8497643920aadeabc4 
Number of updated asset objects reloaded before import = 0Number of asset objects unloaded after import = 3

========================================================================
Received Import Request.
  Time since last request: 0.000049 seconds.
  path: Assets/Sprites/zombiefiles/png/male/Idle (11).png
  importAddress: Guid(4c19cf80194fef24a89c8211d4083df0) Importer(2089858483,b0f066a214c2f5e87bad3c948f4d605d)
Start importing Assets/Sprites/zombiefiles/png/male/Idle (11).png using Guid(4c19cf80194fef24a89c8211d4083df0) Importer(2089858483,b0f066a214c2f5e87bad3c948f4d605d) (ScriptedImporter) -> (Import Result ID: '32d9c801ee0dcceadd48454e92e5dbff') in 0.0686936 seconds [static and dynamic dependencies]. Details - ImportResultOutputID=00037675b0f9a91c7bb0c3a514dd183f DependenciesID=488a9224bb548eef5ac2c5f3601281cc StaticDependenciesID=c7ef5e22e96539a004ca7630a8385623 
Number of updated asset objects reloaded before import = 0Number of asset objects unloaded after import = 3

========================================================================
Received Import Request.
  Time since last request: 0.000067 seconds.
  path: Assets/Sprites/zombiefiles/png/male/Walk (4).png
  importAddress: Guid(7eb71468d0e26134dad8f0a1b9fe28d1) Importer(2089858483,b0f066a214c2f5e87bad3c948f4d605d)
Start importing Assets/Sprites/zombiefiles/png/male/Walk (4).png using Guid(7eb71468d0e26134dad8f0a1b9fe28d1) Importer(2089858483,b0f066a214c2f5e87bad3c948f4d605d) (ScriptedImporter)