[Licensing::Module] Trying to connect to existing licensing client channel...
Built from '6000.4/staging' branch; Version is '6000.4.3f1 (39d1a88d4dd1) revision 3789224'; Using compiler version '194234433'; Build Type 'Release'
OS: 'Windows 11  (10.0.26200) Core' Language: 'ru' Physical Memory: 16269 MB
BatchMode: 1, IsHumanControllingUs: 0, StartBugReporterOnCrash: 0, Is64bit: 1
[Licensing::IpcConnector] Successfully connected to: "LicenseClient-asssf" at "2026-06-17T20:02:45.8173885Z"
System  architecture: x64
Process architecture: x64
Date: 2026-06-17T20:02:45Z

COMMAND LINE ARGUMENTS:
E:\Unity Editor\6000.4.3f1\Editor\Unity.exe
-adb2
-batchMode
-noUpm
-name
AssetImportWorker2
-projectPath
D:/IPZ/Zombie-Hunter-master
-logFile
Logs/AssetImportWorker2.log
-srvPort
62395
-licensingIpc
LicenseClient-asssf
-force-d3d12
-job-worker-count
5
-background-job-worker-count
8
-gc-helper-count
1
-name
AssetImport
Successfully changed project path to: D:/IPZ/Zombie-Hunter-master
D:/IPZ/Zombie-Hunter-master
[UnityMemory] Configuration Parameters - Can be set up in boot.config
    "memorysetup-temp-allocator-size-gi-baking-worker=262144"
    "memorysetup-temp-allocator-size-gi-baking-worker=262144"
    "memorysetup-temp-allocator-size-gi-baking-worker=262144"
    "memorysetup-temp-allocator-size-gi-baking-worker=262144"
    "memorysetup-temp-allocator-size-gi-baking-worker=262144"
    "memorysetup-temp-allocator-size-nav-mesh-worker=65536"
    "memorysetup-temp-allocator-size-audio-worker=65536"
    "memorysetup-temp-allocator-size-cloud-worker=32768"
    "memorysetup-temp-allocator-size-gfx=262144"
    "memorysetup-temp-allocator-size-preload-manager=33554432"
    "memorysetup-temp-allocator-size-job-worker=262144"
    "memorysetup-temp-allocator-size-background-worker=32768"
    "memorysetup-allocator-temp-initial-block-size-main=262144"
    "memorysetup-allocator-temp-initial-block-size-worker=262144"
    "memorysetup-bucket-allocator-granularity=16"
    "memorysetup-bucket-allocator-bucket-count=8"
    "memorysetup-bucket-allocator-block-size=33554432"
    "memorysetup-bucket-allocator-block-count=8"
    "memorysetup-main-allocator-block-size=16777216"
    "memorysetup-thread-allocator-block-size=16777216"
    "memorysetup-gfx-main-allocator-block-size=16777216"
    "memorysetup-gfx-thread-allocator-block-size=16777216"
    "memorysetup-cache-allocator-block-size=4194304"
    "memorysetup-typetree-allocator-block-size=2097152"
    "memorysetup-profiler-bucket-allocator-granularity=16"
    "memorysetup-profiler-bucket-allocator-bucket-count=8"
    "memorysetup-profiler-bucket-allocator-block-size=33554432"
    "memorysetup-profiler-bucket-allocator-block-count=8"
    "memorysetup-profiler-allocator-block-size=16777216"
    "memorysetup-profiler-editor-allocator-block-size=1048576"
    "memorysetup-temp-allocator-size-main=16777216"
    "memorysetup-job-temp-allocator-block-size=2097152"
    "memorysetup-job-temp-allocator-block-size-background=1048576"
    "memorysetup-job-temp-allocator-reduction-small-platforms=262144"
Player connection [18736]  Target information:

Player connection [18736]  * "[IP] 192.168.1.102 [Port] 0 [Flags] 2 [Guid] 2351186656 [EditorId] 2351186656 [Version] 1048832 [Id] WindowsEditor(7,DESKTOP-2LKSH7R) [Debug] 1 [PackageName] WindowsEditor [ProjectName] Editor" 

Player connection [18736]  * "[IP] 26.213.133.101 [Port] 0 [Flags] 2 [Guid] 2351186656 [EditorId] 2351186656 [Version] 1048832 [Id] WindowsEditor(7,DESKTOP-2LKSH7R) [Debug] 1 [PackageName] WindowsEditor [ProjectName] Editor" 

Player connection [18736] Host joined multi-casting on [225.0.0.222:54997]...
Player connection [18736] Host joined alternative multi-casting on [225.0.0.222:34997]...
JobSystem: Creating JobQueue using job-worker-count value 5
Input System module state changed to: Initialized.
[Physics::Module] Initialized fallback backend.
[Physics::Module] Id: 0xdecafbad
Library Redirect Path: Library/
[Physics::Module] Selected backend.
[Physics::Module] Name: PhysX
[Physics::Module] Id: 0xf2b8ea05
[Physics::Module] SDK Version: 4.1.2
[Physics::Module] Integration Version: 1.0.0
[Physics::Module] Threading Mode: Multi-Threaded
Refreshing native plugins compatible for Editor in 6.55 ms, found 3 plugins.
Initialize engine version: 6000.4.3f1 (39d1a88d4dd1)
[Subsystems] Discovering subsystems at path E:/Unity Editor/6000.4.3f1/Editor/Data/Resources/UnitySubsystems
[Subsystems] Discovering subsystems at path D:/IPZ/Zombie-Hunter-master/Assets
Forcing GfxDevice: Direct3D 12
GfxDevice: creating device client; kGfxThreadingModeNonThreaded
d3d12: failed to query info queue interface (0x80004002).
Direct3D:
    Version:         Direct3D 12 [level 12.2]
    Renderer:        NVIDIA GeForce RTX 3060 (ID=0x2504)
    Vendor:          NVIDIA
    VRAM:            12113 MB
    App VRAM Budget: 11345 MB
    Driver:          32.0.16.1047
Initialize mono
Mono path[0] = 'E:/Unity Editor/6000.4.3f1/Editor/Data/Managed'
Mono path[1] = 'E:/Unity Editor/6000.4.3f1/Editor/Data/MonoBleedingEdge/lib/mono/unityjit-win32'
Mono config path = 'E:/Unity Editor/6000.4.3f1/Editor/Data/MonoBleedingEdge/etc'
Using monoOptions --debugger-agent=transport=dt_socket,embedding=1,server=y,suspend=n,address=127.0.0.1:56252
CodeReloadManager initialized
Begin MonoManager ReloadAssembly
Registering precompiled unity dll's ...
Register platform support module: E:/Unity Editor/6000.4.3f1/Editor/Data/PlaybackEngines/WindowsStandaloneSupport/UnityEditor.WindowsStandalone.Extensions.dll
Registered in 0.001637 seconds.
Native extension for WindowsStandalone target not found
Package Manager log level set to [2]
[Package Manager] Failed to launch server process. Reason: Unity was launched with the -noUpm command-line argument
[Package Manager] Unable to send message (not connected to server process).
[Package Manager] Cannot connect to Unity Package Manager local server
ScheduleIndexationOnStartup MainProcess:False IndexOnStartup:True
Mono: successfully reloaded assembly
- Finished resetting the current domain, in  0.415 seconds
Domain Reload Profiling: 1005ms
	BeginReloadAssembly (164ms)
	RebuildCommonClasses (53ms)
	RebuildNativeTypeToScriptingClass (16ms)
	initialDomainReloadingComplete (73ms)
	LoadAllAssembliesAndSetupDomain (283ms)
		LoadAssemblies (163ms)
		AnalyzeDomain (273ms)
			TypeCache.Refresh (272ms)
				TypeCache.ScanAssembly (256ms)
	FinalizeReload (417ms)
		SetupLoadedEditorAssemblies (0ms)
			InitializePlatformSupportModulesInManaged (46ms)
			BeforeProcessingInitializeOnLoad (92ms)
			ProcessInitializeOnLoadAttributes (113ms)
			ProcessInitializeOnLoadMethodAttributes (87ms)
========================================================================
Worker process is ready to serve import requests
Import Worker Mode flag is 0x00
Begin MonoManager ReloadAssembly
[Licensing::Module] Licensing is not yet initialized.
[Licensing::Client] Error: HandshakeResponse reported an error:
	ResponseCode: 505
	ResponseStatus: Unsupported protocol version '1.18.1'.
[Licensing::Module] Error: Failed to handshake to channel: "LicenseClient-asssf"
[Licensing::IpcConnector] LicenseClient-asssf channel disconnected successfully.
[Licensing::IpcConnector] Successfully connected to: "LicenseClient-asssf-6000.4.3" at "2026-06-17T20:02:48.2364338Z"
[Licensing::Client] Handshaking with LicensingClient:
  Version:                 1.18.1+9fbee8e
  Session Id:              ed1f5cd1a6944d02939d2121fbcdf2c4
  Correlation Id:          e510407b78a42e319803af7e9b9b7c1b
  External correlation Id: 4143465496016944469
  Machine Id:              4M8PTJYrjQciKZVpvBLAzVH216o=
[Licensing::Module] Successfully connected to LicensingClient on channel: "LicenseClient-asssf-6000.4.3" (connect: 0.00s, validation: 0.00s, handshake: 2.32s)
[Licensing::IpcConnector] Successfully connected to: "LicenseClient-asssf-6000.4.3-notifications" at "2026-06-17T20:02:50.5632793Z"
[Licensing::Module] Licensing Background thread has ended after 4.75s
[Licensing::Module] Licensing is initialized (took 2.61s).
[Licensing::Client] Successfully resolved entitlement details
[Licensing::Module] License group:
  Id: 20066146056872-UnityPersXXXX
  Product: Unity Personal
  Type: Assigned
  Expiration: Unlimited
Assembly Assembly-CSharp-Editor-firstpass.dll at Library/ScriptAssemblies/Assembly-CSharp-Editor-firstpass.dll not valid. Loading of assembly skipped.
Assembly Assembly-CSharp-firstpass.dll at Library/ScriptAssemblies/Assembly-CSharp-firstpass.dll not valid. Loading of assembly skipped.
Assembly DocCodeExamples.dll at Library/ScriptAssemblies/DocCodeExamples.dll not valid. Loading of assembly skipped.
Assembly TestNewCustomAssembly.dll at Library/ScriptAssemblies/TestNewCustomAssembly.dll not valid. Loading of assembly skipped.
Assembly Unity.2D.Sprite.Package.EditorTests.dll at Library/ScriptAssemblies/Unity.2D.Sprite.Package.EditorTests.dll not valid. Loading of assembly skipped.
Assembly Unity.2D.Tilemap.Package.EditorTests.dll at Library/ScriptAssemblies/Unity.2D.Tilemap.Package.EditorTests.dll not valid. Loading of assembly skipped.
Assembly Unity.Analytics.DataPrivacy.Tests.dll at Library/ScriptAssemblies/Unity.Analytics.DataPrivacy.Tests.dll not valid. Loading of assembly skipped.
Assembly Unity.Analytics.StandardEvents.EditorTests.dll at Library/ScriptAssemblies/Unity.Analytics.StandardEvents.EditorTests.dll not valid. Loading of assembly skipped.
Assembly Unity.Multiplayer.Center.Editor.Tests.dll at Library/ScriptAssemblies/Unity.Multiplayer.Center.Editor.Tests.dll not valid. Loading of assembly skipped.
Assembly Unity.Multiplayer.Center.Tests.dll at Library/ScriptAssemblies/Unity.Multiplayer.Center.Tests.dll not valid. Loading of assembly skipped.
Assembly Unity.TextMeshPro.Editor.Tests.dll at Library/ScriptAssemblies/Unity.TextMeshPro.Editor.Tests.dll not valid. Loading of assembly skipped.
Assembly Unity.TextMeshPro.Tests.dll at Library/ScriptAssemblies/Unity.TextMeshPro.Tests.dll not valid. Loading of assembly skipped.
Assembly UnityEditor.UI.Common.Tests.dll at Library/ScriptAssemblies/UnityEditor.UI.Common.Tests.dll not valid. Loading of assembly skipped.
Assembly UnityEditor.UI.EditorTests.dll at Library/ScriptAssemblies/UnityEditor.UI.EditorTests.dll not valid. Loading of assembly skipped.
Assembly UnityEditor.XR.LegacyInputHelpers.Tests.dll at Library/ScriptAssemblies/UnityEditor.XR.LegacyInputHelpers.Tests.dll not valid. Loading of assembly skipped.
Assembly UnityEngine.Advertisements.Editor.Tests.dll at Library/ScriptAssemblies/UnityEngine.Advertisements.Editor.Tests.dll not valid. Loading of assembly skipped.
Assembly UnityEngine.Advertisements.Tests.dll at Library/ScriptAssemblies/UnityEngine.Advertisements.Tests.dll not valid. Loading of assembly skipped.
Assembly UnityEngine.Purchasing.Apple.dll at Library/ScriptAssemblies/UnityEngine.Purchasing.Apple.dll not valid. Loading of assembly skipped.
Assembly UnityEngine.Purchasing.AppleMacos.dll at Library/ScriptAssemblies/UnityEngine.Purchasing.AppleMacos.dll not valid. Loading of assembly skipped.
Assembly UnityEngine.Purchasing.Security.dll at Library/ScriptAssemblies/UnityEngine.Purchasing.Security.dll not valid. Loading of assembly skipped.
Assembly UnityEngine.Purchasing.WinRT.dll at Library/ScriptAssemblies/UnityEngine.Purchasing.WinRT.dll not valid. Loading of assembly skipped.
Assembly UnityEngine.SpatialTracking.Tests.dll at Library/ScriptAssemblies/UnityEngine.SpatialTracking.Tests.dll not valid. Loading of assembly skipped.
Assembly UnityEngine.UI.Tests.dll at Library/ScriptAssemblies/UnityEngine.UI.Tests.dll not valid. Loading of assembly skipped.
Symbol file LoadedFromMemory is not a mono symbol file
Refreshing native plugins compatible for Editor in 7.32 ms, found 3 plugins.
Native extension for WindowsStandalone target not found
[Package Manager] Failed to launch server process. Reason: Unity was launched with the -noUpm command-line argument
[Package Manager] Unable to send message (not connected to server process).
[Package Manager] Cannot connect to Unity Package Manager local server
Refreshing native plugins compatible for Editor in 4.55 ms, found 3 plugins.
[Package Manager] Failed to launch server process. Reason: Unity was launched with the -noUpm command-line argument
[Package Manager] Unable to send message (not connected to server process).
[Package Manager] Cannot connect to Unity Package Manager local server
ScheduleIndexationOnStartup MainProcess:False IndexOnStartup:True
Mono: successfully reloaded assembly
- Finished resetting the current domain, in  1.353 seconds
Domain Reload Profiling: 4899ms
	BeginReloadAssembly (2905ms)
		DisableScriptedObjects (10ms)
		CreateAndSetChildDomain (41ms)
	RebuildCommonClasses (56ms)
	RebuildNativeTypeToScriptingClass (14ms)
	initialDomainReloadingComplete (90ms)
	LoadAllAssembliesAndSetupDomain (479ms)
		LoadAssemblies (459ms)
		AnalyzeDomain (193ms)
			TypeCache.Refresh (134ms)
				TypeCache.ScanAssembly (117ms)
			BuildScriptInfoCaches (53ms)
			ResolveRequiredComponents (5ms)
	FinalizeReload (1354ms)
		SetupLoadedEditorAssemblies (0ms)
			BeforeProcessingInitializeOnLoad (172ms)
			ProcessInitializeOnLoadAttributes (508ms)
			ProcessInitializeOnLoadMethodAttributes (417ms)
			AfterProcessingInitializeOnLoad (3ms)
		AwakeInstancesAfterBackupRestoration (15ms)
Launched and connected shader compiler UnityShaderCompiler.exe after 0.02 seconds
Refreshing native plugins compatible for Editor in 5.87 ms, found 3 plugins.
Unloading 3 Unused Serialized files (Serialized files now loaded: 0)
Unloading 3228 unused Assets / (1.2 MB). Loaded Objects now: 3805.
Memory consumption went from 94.2 MB to 93.0 MB.
Total: 15.700100 ms (FindLiveObjects: 0.418300 ms CreateObjectMapping: 0.197200 ms MarkObjects: 13.915700 ms  DeleteObjects: 1.166500 ms)

========================================================================
Received Import Request.
  Time since last request: 72516.343225 seconds.
  path: Assets/Sprites/zombiefiles/png/male/Idle (12).png
  importAddress: Guid(a2570210466654b42a91bc6e77a3d369) Importer(2089858483,b0f066a214c2f5e87bad3c948f4d605d)
Start importing Assets/Sprites/zombiefiles/png/male/Idle (12).png using Guid(a2570210466654b42a91bc6e77a3d369) Importer(2089858483,b0f066a214c2f5e87bad3c948f4d605d) (ScriptedImporter) -> (Import Result ID: 'aaca53897272b51ddc1ef675023f51fd') in 0.1812437 seconds [static and dynamic dependencies]. Details - ImportResultOutputID=868f97cfafe5be9959505e81282cad79 DependenciesID=ed2f9f31afeb0bbbf8d935b42ace780d StaticDependenciesID=7ba3cf414e51ade95096c70fa341f0f0 
Number of updated asset objects reloaded before import = 0Number of asset objects unloaded after import = 3

========================================================================
Received Import Request.
  Time since last request: 0.000022 seconds.
  path: Assets/Sprites/zombiefiles/png/male/Walk (8).png
  importAddress: Guid(4224c0b9eadbc864e9ea0b0c87be1076) Importer(2089858483,b0f066a214c2f5e87bad3c948f4d605d)
Start importing Assets/Sprites/zombiefiles/png/male/Walk (8).png using Guid(4224c0b9eadbc864e9ea0b0c87be1076) Importer(2089858483,b0f066a214c2f5e87bad3c948f4d605d) (ScriptedImporter) -> (Import Result ID: 'e811dc53a4adc48980680050bb789d6b') in 0.0418689 seconds [static and dynamic dependencies]. Details - ImportResultOutputID=e66becbbd3423e5b0963e9fd27a13e34 DependenciesID=ea4c059ada433285bb9b259d23bb7265 StaticDependenciesID=ce58abd534b5ba6bcca9c80314f0c6c1 
Number of updated asset objects reloaded before import = 0Number of asset objects unloaded after import = 3

========================================================================
Received Import Request.
  Time since last request: 0.000022 seconds.
  path: Assets/Sprites/zombiefiles/png/female/Dead (10).png
  importAddress: Guid(106e57d754abf74478c1291879902826) Importer(2089858483,b0f066a214c2f5e87bad3c948f4d605d)
Start importing Assets/Sprites/zombiefiles/png/female/Dead (10).png using Guid(106e57d754abf74478c1291879902826) Importer(2089858483,b0f066a214c2f5e87bad3c948f4d605d) (ScriptedImporter) -> (Import Result ID: 'ec8071222a02fcb9fab12aaf870a7fc8') in 0.0422881 seconds [static and dynamic dependencies]. Details - ImportResultOutputID=2c44b34e382d976c01c94047abd27b5f DependenciesID=142a535d1fb5d7b2bd19ab1e244158b1 StaticDependenciesID=e24d78a4a682ce419de4196620d45831 
Number of updated asset objects reloaded before import = 0Number of asset objects unloaded after import = 3

========================================================================
Received Import Request.
  Time since last request: 0.000025 seconds.
  path: Assets/MobileDependencyResolver/Editor/1.2.185/Google.JarResolver.dll
  importAddress: Guid(459f2b4255ec498caed1c0aeb1bf03a0) Importer(2089858483,b0f066a214c2f5e87bad3c948f4d605d)
Start importing Assets/MobileDependencyResolver/Editor/1.2.185/Google.JarResolver.dll using Guid(459f2b4255ec498caed1c0aeb1bf03a0) Importer(2089858483,b0f066a214c2f5e87bad3c948f4d605d) (ScriptedImporter) -> (Import Result ID: 'caca9a2cf24413ef66d1c541f459c48e') in 0.0168185 seconds [static and dynamic dependencies]. Details - ImportResultOutputID=85a291c31a5045ff6c430bd986357de3 DependenciesID=16f5f6f9789b540a473b4ddda9c5a3bc StaticDependenciesID=6bd03b4f37da0f108aaa248f248a825c 
Number of updated asset objects reloaded before import = 0Number of asset objects unloaded after import = 0

========================================================================
Received Import Request.
  Time since last request: 0.000080 seconds.
  path: Assets/Sprites/adventure_girl/png/Jump (9).png
  importAddress: Guid(0641a9d6c0701814bbebb15d20246ecb) Importer(2089858483,b0f066a214c2f5e87bad3c948f4d605d)
Start importing Assets/Sprites/adventure_girl/png/Jump (9).png using Guid(0641a9d6c0701814bbebb15d20246ecb) Importer(2089858483,b0f066a214c2f5e87bad3c948f4d605d) (ScriptedImporter) -> (Import Result ID: '28a790799d1d75416008755798d14b5b') in 0.1754206 seconds [static and dynamic dependencies]. Details - ImportResultOutputID=a6273a137884621f56d3e6bec9930eea DependenciesID=a16664b401fbf7b6c81d406b4e8880b6 StaticDependenciesID=ace13eb6a363c5d726991b64a565f5c7 
Number of updated asset objects reloaded before import = 0Number of asset objects unloaded after import = 3

========================================================================
Received Import Request.
  Time since last request: 0.000018 seconds.
  path: Assets/Sprites/adventure_girl/png/Melee (6).png
  importAddress: Guid(5bb15a0d2c0d9dc469ce9f1ff8aa8a58) Importer(2089858483,b0f066a214c2f5e87bad3c948f4d605d)
Start importing Assets/Sprites/adventure_girl/png/Melee (6).png using Guid(5bb15a0d2c0d9dc469ce9f1ff8aa8a58) Importer(2089858483,b0f066a214c2f5e87bad3c948f4d605d) (ScriptedImporter) -> (Import Result ID: '62f7b9da9afb82fe63e717541fffc38d') in 0.0715205 seconds [static and dynamic dependencies]. Details - ImportResultOutputID=9836f9500202ba137d717b9a4dd6eb2b DependenciesID=ada9301d731eaf91b8c7bfa10da6d7b3 StaticDependenciesID=f36c5bf247239bb202532cf7d8d20d74 
Number of updated asset objects reloaded before import = 0Number of asset objects unloaded after import = 3

========================================================================
Received Import Request.
  Time since last request: 0.000019 seconds.
  path: Assets/Sprites/adventure_girl/png/Slide (2).png
  importAddress: Guid(6c3633df6d1bfb8408e48ab495826652) Importer(2089858483,b0f066a214c2f5e87bad3c948f4d605d)
Start importing Assets/Sprites/adventure_girl/png/Slide (2).png using Guid(6c3633df6d1bfb8408e48ab495826652) Importer(2089858483,b0f066a214c2f5e87bad3c948f4d605d) (ScriptedImporter) -> (Import Result ID: '00f0eaa364af766eaea97203ad3ec48b') in 0.031304 seconds [static and dynamic dependencies]. Details - ImportResultOutputID=10af31dfe8e3e1bdef1cefa48459508a DependenciesID=524105ce3128e4bf13361b4bf0959213 StaticDependenciesID=1a2d56e96dfd1169674b1d3fd91e8002 
Number of updated asset objects reloaded before import = 0Number of asset objects unloaded after import = 3

========================================================================
Received Import Request.
  Time since last request: 0.000028 seconds.
  path: Assets/Sprites/zombiefiles/png/female/Attack (1).png
  importAddress: Guid(125cd3418e90da04ca332a5de6e59236) Importer(2089858483,b0f066a214c2f5e87bad3c948f4d605d)
Start importing Assets/Sprites/zombiefiles/png/female/Attack (1).png using Guid(125cd3418e90da04ca332a5de6e59236) Importer(2089858483,b0f066a214c2f5e87bad3c948f4d605d) (ScriptedImporter) -> (Import Result ID: '881f340df9fb8b9713677bbe1ea09649') in 0.0866364 seconds [static and dynamic dependencies]. Details - ImportResultOutputID=445fdd9311143f7bddcf66347ecfd380 DependenciesID=6a9a1aac8a4ca01c0e3ea80b987cd473 StaticDependenciesID=e25fd1c7bd241db47da045060a791979 
Number of updated asset objects reloaded before import = 0Number of asset objects unloaded after import = 3

========================================================================
Received Import Request.
  Time since last request: 0.000019 seconds.
  path: Assets/Sprites/zombiefiles/png/male/Dead (1).png
  importAddress: Guid(40aec1166128f124bb7dbc1d062f0de7) Importer(2089858483,b0f066a214c2f5e87bad3c948f4d605d)
Start importing Assets/Sprites/zombiefiles/png/male/Dead (1).png using Guid(40aec1166128f124bb7dbc1d062f0de7) Importer(2089858483,b0f066a214c2f5e87bad3c948f4d605d) (ScriptedImporter) -> (Import Result ID: 'f0c3b83c84cb264041fe4200b12a2a30') in 0.1106293 seconds [static and dynamic dependencies]. Details - ImportResultOutputID=91196dd8c6633784a19c680d9694f5e1 DependenciesID=1fcf96150b544147667157f85dd843af StaticDependenciesID=dce6a81ed76c66923f744c9bc52d1bd3 
Number of updated asset objects reloaded before import = 0Number of asset objects unloaded after import = 3

========================================================================
Received Import Request.
  Time since last request: 0.000016 seconds.
  path: Assets/Animation/PlayButton.controller
  importAddress: Guid(80c5d096c92b28e4a883710b6b080943) Importer(2089858483,b0f066a214c2f5e87bad3c948f4d605d)
Start importing Assets/Animation/PlayButton.controller using Guid(80c5d096c92b28e4a883710b6b080943) Importer(2089858483,b0f066a214c2f5e87bad3c948f4d605d) (ScriptedImporter) -> (Import Result ID: 'ffd92eec4d7443db224b429b2ab18256') in 0.0367251 seconds [static and dynamic dependencies]. Details - ImportResultOutputID=4b82b7feb41addf43acbfcf8c4b6b9a9 DependenciesID=7347f1a1e08fad88919921beb7b843f3 StaticDependenciesID=75bf4c507abfc1adfc3a102216e9affb 
Number of updated asset objects reloaded before import = 0Number of asset objects unloaded after import = 10

========================================================================
Received Import Request.
  Time since last request: 0.000021 seconds.
  path: Assets/Scripts/SceanManagerMainMenu.cs
  importAddress: Guid(0ceb9364f5515254e833a8ad788df7ec) Importer(2089858483,b0f066a214c2f5e87bad3c948f4d605d)
Start importing Assets/Scripts/SceanManagerMainMenu.cs using Guid(0ceb9364f5515254e833a8ad788df7ec) Importer(2089858483,b0f066a214c2f5e87bad3c948f4d605d) (ScriptedImporter) -> (Import Result ID: '27dbc3548eab1db9a3b5171c113cc680') in 0.0507188 seconds [static and dynamic dependencies]. Details - ImportResultOutputID=e9cc0d9a4a6a5ab8c37c0dec1afcba5f DependenciesID=3c964d4cf62b4f3c836fed4464fb947f StaticDependenciesID=b97acaf0ffb07c6c55df03fac878f994 
Number of updated asset objects reloaded before import = 0Number of asset objects unloaded after import = 0

========================================================================
Received Import Request.
  Time since last request: 0.000098 seconds.
  path: Assets/Sprites/adventure_girl/png/Dead (5).png
  importAddress: Guid(a39f3724966def64aaab0ec1edbbfd67) Importer(2089858483,b0f066a214c2f5e87bad3c948f4d605d)
Start importing Assets/Sprites/adventure_girl/png/Dead (5).png using Guid(a39f3724966def64aaab0ec1edbbfd67) Importer(2089858483,b0f066a214c2f5e87bad3c948f4d605d) (ScriptedImporter) -> (Import Result ID: '37ce2ef0caac1c0df4be1a62263eba96') in 0.0987736 seconds [static and dynamic dependencies]. Details - ImportResultOutputID=d7a2424e18aeeafc737e886fdb3a3eff DependenciesID=122178e0a3631bae21f83d7a18a0a8ef StaticDependenciesID=c56cd2bb9060e1888bc444d22b706088 
Number of updated asset objects reloaded before import = 0Number of asset objects unloaded after import = 3

========================================================================
Received Import Request.
  Time since last request: 0.000017 seconds.
  path: Assets/Sprites/zombiefiles/png/female/Attack (3).png
  importAddress: Guid(5730c5897780bf44783a0bb00c7fc1ed) Importer(2089858483,b0f066a214c2f5e87bad3c948f4d605d)
Start importing Assets/Sprites/zombiefiles/png/female/Attack (3).png using Guid(5730c5897780bf44783a0bb00c7fc1ed) Importer(2089858483,b0f066a214c2f5e87bad3c948f4d605d) (ScriptedImporter) -> (Import Result ID: '254b4588f5d293d38cd65a005d51fd36') in 0.0458417 seconds [static and dynamic dependencies]. Details - ImportResultOutputID=33f3b3c2c3daff0460f4465c8026a474 DependenciesID=427fe33361a8496a261aac5bcd66baac StaticDependenciesID=d6bdbfce03010b0e1ee464bc2ea96f77 
Number of updated asset objects reloaded before import = 0Number of asset objects unloaded after import = 3

========================================================================
Received Import Request.
  Time since last request: 0.000017 seconds.
  path: Assets/Sprites/adventure_girl/png/Idle (3).png
  importAddress: Guid(f330d99f2ffa2574db4529abd18c70b4) Importer(2089858483,b0f066a214c2f5e87bad3c948f4d605d)
Start importing Assets/Sprites/adventure_girl/png/Idle (3).png using Guid(f330d99f2ffa2574db4529abd18c70b4) Importer(2089858483,b0f066a214c2f5e87bad3c948f4d605d) (ScriptedImporter) -> (Import Result ID: 'e14136d90273b366565352bb98bdc127') in 0.1431202 seconds [static and dynamic dependencies]. Details - ImportResultOutputID=6a9b867e1b746706ea7680f2503dfa11 DependenciesID=04fb364b60593ff74b3cc9ab29c29e12 StaticDependenciesID=79f4a5cc40763a62ae7b50ffbc2710d8 
Number of updated asset objects reloaded before import = 0Number of asset objects unloaded after import = 3

========================================================================
Received Import Request.
  Time since last request: 0.000025 seconds.
  path: Assets/Sprites/zombiefiles/png/female/Attack (4).png
  importAddress: Guid(2e7fec8ca8d3ab04dbf56da3fcb5f798) Importer(2089858483,b0f066a214c2f5e87bad3c948f4d605d)
Start importing Assets/Sprites/zombiefiles/png/female/Attack (4).png using Guid(2e7fec8ca8d3ab04dbf56da3fcb5f798) Importer(2089858483,b0f066a214c2f5e87bad3c948f4d605d) (ScriptedImporter) -> (Import Result ID: '4b8365951b641eb78306774b7b257fcd') in 0.0631214 seconds [static and dynamic dependencies]. Details - ImportResultOutputID=93f4135c5b772b1b95115c9b0fbb2da2 DependenciesID=0a93ff33b5a4939ec8ec9de858ac37e6 StaticDependenciesID=d47b3563b7d2dc72cae7cf4555197e40 
Number of updated asset objects reloaded before import = 0Number of asset objects unloaded after import = 3

========================================================================
Received Import Request.
  Time since last request: 0.000034 seconds.
  path: Assets/Sprites/zombiefiles/png/female/Idle (3).png
  importAddress: Guid(5c1057cd7e30b474db3e351372af8cdd) Importer(2089858483,b0f066a214c2f5e87bad3c948f4d605d)
Start importing Assets/Sprites/zombiefiles/png/female/Idle (3).png using Guid(5c1057cd7e30b474db3e351372af8cdd) Importer(2089858483,b0f066a214c2f5e87bad3c948f4d605d) (ScriptedImporter) -> (Import Result ID: 'fecb228761596f5da2bf38d2bc333b00') in 0.0599883 seconds [static and dynamic dependencies]. Details - ImportResultOutputID=c6016e443254c0b2d4bfef333e0638ad DependenciesID=98cbffcc59d91e99259eee85bbfe2ae4 StaticDependenciesID=ff1c285b08eaf2f71685b178ccfd4873 
Number of updated asset objects reloaded before import = 0Number of asset objects unloaded after import = 3

========================================================================
Received Import Request.
  Time since last request: 0.000023 seconds.
  path: Assets/Scripts/SettingsMenu.cs
  importAddress: Guid(4e920d5e499a7a242865fda178b85bdc) Importer(2089858483,b0f066a214c2f5e87bad3c948f4d605d)
Start importing Assets/Scripts/SettingsMenu.cs using Guid(4e920d5e499a7a242865fda178b85bdc) Importer(2089858483,b0f066a214c2f5e87bad3c948f4d605d) (ScriptedImporter) -> (Import Result ID: '6fb446dcfd9d9e1efa048fca811b0873') in 0.0417586 seconds [static and dynamic dependencies]. Details - ImportResultOutputID=32ce077c5d7f2b2a119cb642a26056e2 DependenciesID=efdf7e827cc8074c0e44018800346e18 StaticDependenciesID=15614a22b61a82663513553a274d602a 
Number of updated asset objects reloaded before import = 0Number of asset objects unloaded after import = 0

========================================================================
Received Prepare
Begin MonoManager ReloadAssembly
Assembly Assembly-CSharp-Editor-firstpass.dll at Library/ScriptAssemblies/Assembly-CSharp-Editor-firstpass.dll not valid. Loading of assembly skipped.
Assembly Assembly-CSharp-firstpass.dll at Library/ScriptAssemblies/Assembly-CSharp-firstpass.dll not valid. Loading of assembly skipped.
Assembly DocCodeExamples.dll at Library/ScriptAssemblies/DocCodeExamples.dll not valid. Loading of assembly skipped.
Assembly TestNewCustomAssembly.dll at Library/ScriptAssemblies/TestNewCustomAssembly.dll not valid. Loading of assembly skipped.
Assembly Unity.2D.Sprite.Package.EditorTests.dll at Library/ScriptAssemblies/Unity.2D.Sprite.Package.EditorTests.dll not valid. Loading of assembly skipped.
Assembly Unity.2D.Tilemap.Package.EditorTests.dll at Library/ScriptAssemblies/Unity.2D.Tilemap.Package.EditorTests.dll not valid. Loading of assembly skipped.
Assembly Unity.Analytics.DataPrivacy.Tests.dll at Library/ScriptAssemblies/Unity.Analytics.DataPrivacy.Tests.dll not valid. Loading of assembly skipped.
Assembly Unity.Analytics.StandardEvents.EditorTests.dll at Library/ScriptAssemblies/Unity.Analytics.StandardEvents.EditorTests.dll not valid. Loading of assembly skipped.
Assembly Unity.Multiplayer.Center.Editor.Tests.dll at Library/ScriptAssemblies/Unity.Multiplayer.Center.Editor.Tests.dll not valid. Loading of assembly skipped.
Assembly Unity.Multiplayer.Center.Tests.dll at Library/ScriptAssemblies/Unity.Multiplayer.Center.Tests.dll not valid. Loading of assembly skipped.
Assembly Unity.TextMeshPro.Editor.Tests.dll at Library/ScriptAssemblies/Unity.TextMeshPro.Editor.Tests.dll not valid. Loading of assembly skipped.
Assembly Unity.TextMeshPro.Tests.dll at Library/ScriptAssemblies/Unity.TextMeshPro.Tests.dll not valid. Loading of assembly skipped.
Assembly UnityEditor.UI.Common.Tests.dll at Library/ScriptAssemblies/UnityEditor.UI.Common.Tests.dll not valid. Loading of assembly skipped.
Assembly UnityEditor.UI.EditorTests.dll at Library/ScriptAssemblies/UnityEditor.UI.EditorTests.dll not valid. Loading of assembly skipped.
Assembly UnityEditor.XR.LegacyInputHelpers.Tests.dll at Library/ScriptAssemblies/UnityEditor.XR.LegacyInputHelpers.Tests.dll not valid. Loading of assembly skipped.
Assembly UnityEngine.Advertisements.Editor.Tests.dll at Library/ScriptAssemblies/UnityEngine.Advertisements.Editor.Tests.dll not valid. Loading of assembly skipped.
Assembly UnityEngine.Advertisements.Tests.dll at Library/ScriptAssemblies/UnityEngine.Advertisements.Tests.dll not valid. Loading of assembly skipped.
Assembly UnityEngine.Purchasing.Apple.dll at Library/ScriptAssemblies/UnityEngine.Purchasing.Apple.dll not valid. Loading of assembly skipped.
Assembly UnityEngine.Purchasing.AppleMacos.dll at Library/ScriptAssemblies/UnityEngine.Purchasing.AppleMacos.dll not valid. Loading of assembly skipped.
Assembly UnityEngine.Purchasing.Security.dll at Library/ScriptAssemblies/UnityEngine.Purchasing.Security.dll not valid. Loading of assembly skipped.
Assembly UnityEngine.Purchasing.WinRT.dll at Library/ScriptAssemblies/UnityEngine.Purchasing.WinRT.dll not valid. Loading of assembly skipped.
Assembly UnityEngine.SpatialTracking.Tests.dll at Library/ScriptAssemblies/UnityEngine.SpatialTracking.Tests.dll not valid. Loading of assembly skipped.
Assembly UnityEngine.UI.Tests.dll at Library/ScriptAssemblies/UnityEngine.UI.Tests.dll not valid. Loading of assembly skipped.
Symbol file LoadedFromMemory is not a mono symbol file
Refreshing native plugins compatible for Editor in 5.49 ms, found 3 plugins.
Native extension for WindowsStandalone target not found
[Package Manager] Failed to launch server process. Reason: Unity was launched with the -noUpm command-line argument
[Package Manager] Unable to send message (not connected to server process).
[Package Manager] Cannot connect to Unity Package Manager local server
[Package Manager] Failed to launch server process. Reason: Unity was launched with the -noUpm command-line argument
[Package Manager] Unable to send message (not connected to server process).
[Package Manager] Cannot connect to Unity Package Manager local server
ScheduleIndexationOnStartup MainProcess:False IndexOnStartup:True
Mono: successfully reloaded assembly
- Finished resetting the current domain, in  1.245 seconds
Domain Reload Profiling: 1818ms
	BeginReloadAssembly (209ms)
		DisableScriptedObjects (6ms)
		CreateAndSetChildDomain (43ms)
	RebuildCommonClasses (36ms)
	RebuildNativeTypeToScriptingClass (13ms)
	initialDomainReloadingComplete (46ms)
	LoadAllAssembliesAndSetupDomain (269ms)
		LoadAssemblies (288ms)
		AnalyzeDomain (96ms)
			TypeCache.Refresh (5ms)
			BuildScriptInfoCaches (87ms)
			ResolveRequiredComponents (3ms)
	FinalizeReload (1245ms)
		SetupLoadedEditorAssemblies (0ms)
			BeforeProcessingInitializeOnLoad (138ms)
			ProcessInitializeOnLoadAttributes (637ms)
			ProcessInitializeOnLoadMethodAttributes (309ms)
		AwakeInstancesAfterBackupRestoration (10ms)
Refreshing native plugins compatible for Editor in 4.70 ms, found 3 plugins.
Unloading 3 Unused Serialized files (Serialized files now loaded: 0)
Unloading 3226 unused Assets / (1.1 MB). Loaded Objects now: 3808.
Memory consumption went from 95.2 MB to 94.1 MB.
Total: 13.939500 ms (FindLiveObjects: 0.299300 ms CreateObjectMapping: 0.160200 ms MarkObjects: 12.339900 ms  DeleteObjects: 1.139300 ms)

Prepare: number of updated asset objects reloaded= 0
========================================================================
Received Prepare
Begin MonoManager ReloadAssembly
[Licensing::Client] Successfully resolved entitlement details
Assembly Assembly-CSharp-Editor-firstpass.dll at Library/ScriptAssemblies/Assembly-CSharp-Editor-firstpass.dll not valid. Loading of assembly skipped.
Assembly Assembly-CSharp-firstpass.dll at Library/ScriptAssemblies/Assembly-CSharp-firstpass.dll not valid. Loading of assembly skipped.
Assembly DocCodeExamples.dll at Library/ScriptAssemblies/DocCodeExamples.dll not valid. Loading of assembly skipped.
Assembly TestNewCustomAssembly.dll at Library/ScriptAssemblies/TestNewCustomAssembly.dll not valid. Loading of assembly skipped.
Assembly Unity.2D.Sprite.Package.EditorTests.dll at Library/ScriptAssemblies/Unity.2D.Sprite.Package.EditorTests.dll not valid. Loading of assembly skipped.
Assembly Unity.2D.Tilemap.Package.EditorTests.dll at Library/ScriptAssemblies/Unity.2D.Tilemap.Package.EditorTests.dll not valid. Loading of assembly skipped.
Assembly Unity.Analytics.DataPrivacy.Tests.dll at Library/ScriptAssemblies/Unity.Analytics.DataPrivacy.Tests.dll not valid. Loading of assembly skipped.
Assembly Unity.Analytics.StandardEvents.EditorTests.dll at Library/ScriptAssemblies/Unity.Analytics.StandardEvents.EditorTests.dll not valid. Loading of assembly skipped.
Assembly Unity.Multiplayer.Center.Editor.Tests.dll at Library/ScriptAssemblies/Unity.Multiplayer.Center.Editor.Tests.dll not valid. Loading of assembly skipped.
Assembly Unity.Multiplayer.Center.Tests.dll at Library/ScriptAssemblies/Unity.Multiplayer.Center.Tests.dll not valid. Loading of assembly skipped.
Assembly Unity.TextMeshPro.Editor.Tests.dll at Library/ScriptAssemblies/Unity.TextMeshPro.Editor.Tests.dll not valid. Loading of assembly skipped.
Assembly Unity.TextMeshPro.Tests.dll at Library/ScriptAssemblies/Unity.TextMeshPro.Tests.dll not valid. Loading of assembly skipped.
Assembly UnityEditor.UI.Common.Tests.dll at Library/ScriptAssemblies/UnityEditor.UI.Common.Tests.dll not valid. Loading of assembly skipped.
Assembly UnityEditor.UI.EditorTests.dll at Library/ScriptAssemblies/UnityEditor.UI.EditorTests.dll not valid. Loading of assembly skipped.
Assembly UnityEditor.XR.LegacyInputHelpers.Tests.dll at Library/ScriptAssemblies/UnityEditor.XR.LegacyInputHelpers.Tests.dll not valid. Loading of assembly skipped.
Assembly UnityEngine.Advertisements.Editor.Tests.dll at Library/ScriptAssemblies/UnityEngine.Advertisements.Editor.Tests.dll not valid. Loading of assembly skipped.
Assembly UnityEngine.Advertisements.Tests.dll at Library/ScriptAssemblies/UnityEngine.Advertisements.Tests.dll not valid. Loading of assembly skipped.
Assembly UnityEngine.Purchasing.Apple.dll at Library/ScriptAssemblies/UnityEngine.Purchasing.Apple.dll not valid. Loading of assembly skipped.
Assembly UnityEngine.Purchasing.AppleMacos.dll at Library/ScriptAssemblies/UnityEngine.Purchasing.AppleMacos.dll not valid. Loading of assembly skipped.
Assembly UnityEngine.Purchasing.Security.dll at Library/ScriptAssemblies/UnityEngine.Purchasing.Security.dll not valid. Loading of assembly skipped.
Assembly UnityEngine.Purchasing.WinRT.dll at Library/ScriptAssemblies/UnityEngine.Purchasing.WinRT.dll not valid. Loading of assembly skipped.
Assembly UnityEngine.SpatialTracking.Tests.dll at Library/ScriptAssemblies/UnityEngine.SpatialTracking.Tests.dll not valid. Loading of assembly skipped.
Assembly UnityEngine.UI.Tests.dll at Library/ScriptAssemblies/UnityEngine.UI.Tests.dll not valid. Loading of assembly skipped.
Symbol file LoadedFromMemory is not a mono symbol file
Refreshing native plugins compatible for Editor in 3.37 ms, found 3 plugins.
Native extension for WindowsStandalone target not found
[Package Manager] Failed to launch server process. Reason: Unity was launched with the -noUpm command-line argument
[Package Manager] Unable to send message (not connected to server process).
[Package Manager] Cannot connect to Unity Package Manager local server
[Package Manager] Failed to launch server process. Reason: Unity was launched with the -noUpm command-line argument
[Package Manager] Unable to send message (not connected to server process).
[Package Manager] Cannot connect to Unity Package Manager local server
ScheduleIndexationOnStartup MainProcess:False IndexOnStartup:True
Mono: successfully reloaded assembly
- Finished resetting the current domain, in  0.973 seconds
Domain Reload Profiling: 1524ms
	BeginReloadAssembly (200ms)
		DisableScriptedObjects (9ms)
		CreateAndSetChildDomain (38ms)
	RebuildCommonClasses (34ms)
	RebuildNativeTypeToScriptingClass (12ms)
	initialDomainReloadingComplete (45ms)
	LoadAllAssembliesAndSetupDomain (260ms)
		LoadAssemblies (272ms)
		AnalyzeDomain (95ms)
			TypeCache.Refresh (5ms)
			BuildScriptInfoCaches (86ms)
			ResolveRequiredComponents (3ms)
	FinalizeReload (973ms)
		SetupLoadedEditorAssemblies (0ms)
			BeforeProcessingInitializeOnLoad (116ms)
			ProcessInitializeOnLoadAttributes (420ms)
			ProcessInitializeOnLoadMethodAttributes (291ms)
		AwakeInstancesAfterBackupRestoration (8ms)
Refreshing native plugins compatible for Editor in 4.03 ms, found 3 plugins.
Unloading 3 Unused Serialized files (Serialized files now loaded: 0)
Unloading 3226 unused Assets / (1.1 MB). Loaded Objects now: 3809.
Memory consumption went from 95.7 MB to 94.6 MB.
Total: 11.467500 ms (FindLiveObjects: 0.318000 ms CreateObjectMapping: 0.188200 ms MarkObjects: 9.876500 ms  DeleteObjects: 1.083900 ms)

Prepare: number of updated asset objects reloaded= 0
========================================================================
Received Prepare
Begin MonoManager ReloadAssembly
Assembly Assembly-CSharp-Editor-firstpass.dll at Library/ScriptAssemblies/Assembly-CSharp-Editor-firstpass.dll not valid. Loading of assembly skipped.
Assembly Assembly-CSharp-firstpass.dll at Library/ScriptAssemblies/Assembly-CSharp-firstpass.dll not valid. Loading of assembly skipped.
Assembly DocCodeExamples.dll at Library/ScriptAssemblies/DocCodeExamples.dll not valid. Loading of assembly skipped.
Assembly TestNewCustomAssembly.dll at Library/ScriptAssemblies/TestNewCustomAssembly.dll not valid. Loading of assembly skipped.
Assembly Unity.2D.Sprite.Package.EditorTests.dll at Library/ScriptAssemblies/Unity.2D.Sprite.Package.EditorTests.dll not valid. Loading of assembly skipped.
Assembly Unity.2D.Tilemap.Package.EditorTests.dll at Library/ScriptAssemblies/Unity.2D.Tilemap.Package.EditorTests.dll not valid. Loading of assembly skipped.
Assembly Unity.Analytics.DataPrivacy.Tests.dll at Library/ScriptAssemblies/Unity.Analytics.DataPrivacy.Tests.dll not valid. Loading of assembly skipped.
Assembly Unity.Analytics.StandardEvents.EditorTests.dll at Library/ScriptAssemblies/Unity.Analytics.StandardEvents.EditorTests.dll not valid. Loading of assembly skipped.
Assembly Unity.Multiplayer.Center.Editor.Tests.dll at Library/ScriptAssemblies/Unity.Multiplayer.Center.Editor.Tests.dll not valid. Loading of assembly skipped.
Assembly Unity.Multiplayer.Center.Tests.dll at Library/ScriptAssemblies/Unity.Multiplayer.Center.Tests.dll not valid. Loading of assembly skipped.
Assembly Unity.TextMeshPro.Editor.Tests.dll at Library/ScriptAssemblies/Unity.TextMeshPro.Editor.Tests.dll not valid. Loading of assembly skipped.
Assembly Unity.TextMeshPro.Tests.dll at Library/ScriptAssemblies/Unity.TextMeshPro.Tests.dll not valid. Loading of assembly skipped.
Assembly UnityEditor.UI.Common.Tests.dll at Library/ScriptAssemblies/UnityEditor.UI.Common.Tests.dll not valid. Loading of assembly skipped.
Assembly UnityEditor.UI.EditorTests.dll at Library/ScriptAssemblies/UnityEditor.UI.EditorTests.dll not valid. Loading of assembly skipped.
Assembly UnityEditor.XR.LegacyInputHelpers.Tests.dll at Library/ScriptAssemblies/UnityEditor.XR.LegacyInputHelpers.Tests.dll not valid. Loading of assembly skipped.
Assembly UnityEngine.Advertisements.Editor.Tests.dll at Library/ScriptAssemblies/UnityEngine.Advertisements.Editor.Tests.dll not valid. Loading of assembly skipped.
Assembly UnityEngine.Advertisements.Tests.dll at Library/ScriptAssemblies/UnityEngine.Advertisements.Tests.dll not valid. Loading of assembly skipped.
Assembly UnityEngine.Purchasing.Apple.dll at Library/ScriptAssemblies/UnityEngine.Purchasing.Apple.dll not valid. Loading of assembly skipped.
Assembly UnityEngine.Purchasing.AppleMacos.dll at Library/ScriptAssemblies/UnityEngine.Purchasing.AppleMacos.dll not valid. Loading of assembly skipped.
Assembly UnityEngine.Purchasing.Security.dll at Library/ScriptAssemblies/UnityEngine.Purchasing.Security.dll not valid. Loading of assembly skipped.
Assembly UnityEngine.Purchasing.WinRT.dll at Library/ScriptAssemblies/UnityEngine.Purchasing.WinRT.dll not valid. Loading of assembly skipped.
Assembly UnityEngine.SpatialTracking.Tests.dll at Library/ScriptAssemblies/UnityEngine.SpatialTracking.Tests.dll not valid. Loading of assembly skipped.
Assembly UnityEngine.UI.Tests.dll at Library/ScriptAssemblies/UnityEngine.UI.Tests.dll not valid. Loading of assembly skipped.
Symbol file LoadedFromMemory is not a mono symbol file
Refreshing native plugins compatible for Editor in 3.49 ms, found 3 plugins.
Native extension for WindowsStandalone target not found
[Package Manager] Failed to launch server process. Reason: Unity was launched with the -noUpm command-line argument
[Package Manager] Unable to send message (not connected to server process).
[Package Manager] Cannot connect to Unity Package Manager local server
[Package Manager] Failed to launch server process. Reason: Unity was launched with the -noUpm command-line argument
[Package Manager] Unable to send message (not connected to server process).
[Package Manager] Cannot connect to Unity Package Manager local server
ScheduleIndexationOnStartup MainProcess:False IndexOnStartup:True
Mono: successfully reloaded assembly
- Finished resetting the current domain, in  0.982 seconds
Domain Reload Profiling: 1540ms
	BeginReloadAssembly (205ms)
		DisableScriptedObjects (6ms)
		CreateAndSetChildDomain (39ms)
	RebuildCommonClasses (34ms)
	RebuildNativeTypeToScriptingClass (15ms)
	initialDomainReloadingComplete (46ms)
	LoadAllAssembliesAndSetupDomain (258ms)
		LoadAssemblies (278ms)
		AnalyzeDomain (96ms)
			TypeCache.Refresh (5ms)
			BuildScriptInfoCaches (86ms)
			ResolveRequiredComponents (3ms)
	FinalizeReload (983ms)
		SetupLoadedEditorAssemblies (0ms)
			BeforeProcessingInitializeOnLoad (131ms)
			ProcessInitializeOnLoadAttributes (429ms)
			ProcessInitializeOnLoadMethodAttributes (280ms)
		AwakeInstancesAfterBackupRestoration (10ms)
Refreshing native plugins compatible for Editor in 4.38 ms, found 3 plugins.
Unloading 3 Unused Serialized files (Serialized files now loaded: 0)
Unloading 3226 unused Assets / (1.2 MB). Loaded Objects now: 3810.
Memory consumption went from 96.3 MB to 95.1 MB.
Total: 12.381400 ms (FindLiveObjects: 0.318600 ms CreateObjectMapping: 0.175400 ms MarkObjects: 10.881900 ms  DeleteObjects: 1.004700 ms)

Prepare: number of updated asset objects reloaded= 0
========================================================================
Received Import Request.
  Time since last request: 598.741168 seconds.
  path: Assets/Scripts
  importAddress: Guid(1bb4c9681f7a8bb4eae01cac99ac63d4) Importer(815301076,1909f56bfc062723c751e8b465ee728b)
Start importing Assets/Scripts using Guid(1bb4c9681f7a8bb4eae01cac99ac63d4) Importer(815301076,1909f56bfc062723c751e8b465ee728b) (PreviewImporter) -> (Import Result ID: '3af10a7c81ae7f03fc19a750bdefaac9') in 0.002253 seconds [static and dynamic dependencies]. Details - ImportResultOutputID=2aa6faf18629c9673c0bfe5f65a29418 DependenciesID=51e4169c9028f0f49cb058488370ae26 StaticDependenciesID=1c08f2accfed3d48fb773219332dc786 
Number of updated asset objects reloaded before import = 0Number of asset objects unloaded after import = 0

========================================================================
Received Import Request.
  Time since last request: 1.312009 seconds.
  path: Assets/Scripts/GameEnd.cs
  importAddress: Guid(4e2257909db0bf54b95cbcd6f496874d) Importer(815301076,1909f56bfc062723c751e8b465ee728b)
Start importing Assets/Scripts/GameEnd.cs using Guid(4e2257909db0bf54b95cbcd6f496874d) Importer(815301076,1909f56bfc062723c751e8b465ee728b) (PreviewImporter) -> (Import Result ID: '10ef8a6051a7069ef8ea09e0f24ce18c') in 0.0005173 seconds [static and dynamic dependencies]. Details - ImportResultOutputID=3ad74be244486abdeb54916f364e39e4 DependenciesID=8f70aad8d9a59df3df1ef48c38c901d7 StaticDependenciesID=f317b11019fd8e2349a4ea48c3f4e86e 
Number of updated asset objects reloaded before import = 0Number of asset objects unloaded after import = 0

========================================================================
Received Import Request.
  Time since last request: 763.619782 seconds.
  path: Assets/Prefab
  importAddress: Guid(7b19fa03b2446d748b63d146ad98a5fe) Importer(815301076,1909f56bfc062723c751e8b465ee728b)
Start importing Assets/Prefab using Guid(7b19fa03b2446d748b63d146ad98a5fe) Importer(815301076,1909f56bfc062723c751e8b465ee728b) (PreviewImporter) -> (Import Result ID: 'f825833443e04abe45c1c01635310c81') in 0.0014703 seconds [static and dynamic dependencies]. Details - ImportResultOutputID=e4f5297ff8e79d240944c27d6fe7b59b DependenciesID=3d79bed1b4819ab91f2e90a7fe87d71d StaticDependenciesID=eba067436f8276206be393754a80dbfa 
Number of updated asset objects reloaded before import = 0Number of asset objects unloaded after import = 0

========================================================================
Received Import Request.
  Time since last request: 0.063078 seconds.
  path: Assets/Prefab/Bullet.prefab
  importAddress: Guid(46e2a72facb89b64785698597f7a2c3d) Importer(815301076,1909f56bfc062723c751e8b465ee728b)
Start importing Assets/Prefab/Bullet.prefab using Guid(46e2a72facb89b64785698597f7a2c3d) Importer(815301076,1909f56bfc062723c751e8b465ee728b) (PreviewImporter) -> (Import Result ID: '471053f6d9c551782dd280287612c3a0') in 0.5073796 seconds [static and dynamic dependencies]. Details - ImportResultOutputID=5de950c8007d1cdf751e6bb33bb1b0c3 DependenciesID=7c4432035e3e1767862bc8fa93887e55 StaticDependenciesID=ed6d7f25a43b64439ae300dca7e6fde0 
Number of updated asset objects reloaded before import = 0Number of asset objects unloaded after import = 10

========================================================================
Received Import Request.
  Time since last request: 0.000028 seconds.
  path: Assets/Prefab/FemaleBullet.prefab
  importAddress: Guid(e7f1894068a56114b98b03bde4ae2ce3) Importer(815301076,1909f56bfc062723c751e8b465ee728b)
Start importing Assets/Prefab/FemaleBullet.prefab using Guid(e7f1894068a56114b98b03bde4ae2ce3) Importer(815301076,1909f56bfc062723c751e8b465ee728b) (PreviewImporter) -> (Import Result ID: 'f7ec2652dfdf848d8e452fae2fb680bb') in 0.0202206 seconds [static and dynamic dependencies]. Details - ImportResultOutputID=54ae6cfdc34c92b0251d847e291aedae DependenciesID=785d1af1a7416ffa52c8ab739322992f StaticDependenciesID=7170e58143735044b855803909914d69 
Number of updated asset objects reloaded before import = 0Number of asset objects unloaded after import = 10

========================================================================
Received Import Request.
  Time since last request: 0.000029 seconds.
  path: Assets/Prefab/Player.prefab
  importAddress: Guid(98286f9caa2340145b64c9d6f0dc9715) Importer(815301076,1909f56bfc062723c751e8b465ee728b)
Start importing Assets/Prefab/Player.prefab using Guid(98286f9caa2340145b64c9d6f0dc9715) Importer(815301076,1909f56bfc062723c751e8b465ee728b) (PreviewImporter) -> (Import Result ID: '918baf09ae6d5e6f98ef600a0da41d11') in 1.5847941 seconds [static and dynamic dependencies]. Details - ImportResultOutputID=c1bd0cea60e17edcc065cf0090e818bf DependenciesID=405ad3887146b5b76432fec577f186af StaticDependenciesID=42129d274472c5ae8705fc20b6500f1f 
Number of updated asset objects reloaded before import = 0Number of asset objects unloaded after import = 61

========================================================================
Received Import Request.
  Time since last request: 0.000024 seconds.
  path: Assets/Prefab/SceanManager.prefab
  importAddress: Guid(1d065224ce1dec64dad2095d170c57aa) Importer(815301076,1909f56bfc062723c751e8b465ee728b)
Start importing Assets/Prefab/SceanManager.prefab using Guid(1d065224ce1dec64dad2095d170c57aa) Importer(815301076,1909f56bfc062723c751e8b465ee728b) (PreviewImporter) -> (Import Result ID: '9b62e4a1a772832c54519b326efb330a') in 0.0021172 seconds [static and dynamic dependencies]. Details - ImportResultOutputID=49bdf68a9b1e3333b0d7c0553597220f DependenciesID=88c0484d0336502e1109c153a9de7c51 StaticDependenciesID=413ee30d57362cfece17bd3285a12746 
Number of updated asset objects reloaded before import = 0Number of asset objects unloaded after import = 5

========================================================================
Received Import Request.
  Time since last request: 0.000040 seconds.
  path: Assets/Prefab/ZombieFemalePink.prefab
  importAddress: Guid(bf62dd2abb69d9d49a92701a58d33d2e) Importer(815301076,1909f56bfc062723c751e8b465ee728b)
Start importing Assets/Prefab/ZombieFemalePink.prefab using Guid(bf62dd2abb69d9d49a92701a58d33d2e) Importer(815301076,1909f56bfc062723c751e8b465ee728b) (PreviewImporter) -> (Import Result ID: 'e28730cd9ae6b351c7ba1dc658a0d531') in 1.6877719 seconds [static and dynamic dependencies]. Details - ImportResultOutputID=4ee31ef767bc817ca758b1bbdc570e4e DependenciesID=81a1d4d7ab14e4ae56e51cd3f79c99be StaticDependenciesID=412acd078eafa7634bf1439de6df5730 
Number of updated asset objects reloaded before import = 0Number of asset objects unloaded after import = 60

========================================================================
Received Import Request.
  Time since last request: 248.073667 seconds.
  path: Assets/Prefab/UpgradeManager.prefab
  importAddress: Guid(503636a7681469842b8e9dfac2344c49) Importer(815301076,1909f56bfc062723c751e8b465ee728b)
Start importing Assets/Prefab/UpgradeManager.prefab using Guid(503636a7681469842b8e9dfac2344c49) Importer(815301076,1909f56bfc062723c751e8b465ee728b) (PreviewImporter) -> (Import Result ID: '78f4b0a1c9dde5d90bb737864072fbb2') in 0.008846 seconds [static and dynamic dependencies]. Details - ImportResultOutputID=2785b87828cd1caa1b6239b8854e17b5 DependenciesID=08640f8e07f6781a7e898ad6f4cbbb2b StaticDependenciesID=82fa1be5baf88660ad56c4a3cca1fa1e 
Number of updated asset objects reloaded before import = 0Number of asset objects unloaded after import = 6

